0001_0035_0022_0028_0028.jpg 1 35 22 28 28
0002_0023_0018_0053_0053.jpg 1 23 18 53 53
0003_0047_0022_0036_0036.jpg 1 47 22 36 36
0004_0007_0016_0067_0067.jpg 1 7 16 67 67
0005_0011_0059_0025_0025.jpg 1 11 59 25 25
0006_0026_0053_0039_0039.jpg 1 26 53 39 39
0007_0035_0035_0027_0027.jpg 1 35 35 27 27
0008_0025_0044_0035_0035.jpg 1 25 44 35 35
0009_0051_0018_0041_0041.jpg 1 51 18 41 41
0010_0019_0032_0044_0044.jpg 1 19 32 44 44
0011_0025_0050_0042_0042.jpg 1 25 50 42 42
0012_0039_0064_0028_0028.jpg 1 39 64 28 28
0013_0048_0048_0040_0040.jpg 1 48 48 40 40
0014_0016_0020_0053_0053.jpg 1 16 20 53 53
0015_0040_0045_0044_0044.jpg 1 40 45 44 44
0016_0006_0010_0065_0065.jpg 1 6 10 65 65
0017_0029_0034_0058_0058.jpg 1 29 34 58 58
0018_0025_0016_0057_0057.jpg 1 25 16 57 57
0019_0035_0011_0059_0059.jpg 1 35 11 59 59
0020_0046_0030_0034_0034.jpg 1 46 30 34 34
0021_0019_0028_0064_0064.jpg 1 19 28 64 64
0022_0020_0020_0055_0055.jpg 1 20 20 55 55
0023_0044_0050_0043_0043.jpg 1 44 50 43 43
0024_0042_0011_0048_0048.jpg 1 42 11 48 48
0025_0029_0014_0061_0061.jpg 1 29 14 61 61
0026_0051_0021_0031_0031.jpg 1 51 21 31 31
0027_0020_0010_0060_0060.jpg 1 20 10 60 60
0028_0008_0043_0050_0050.jpg 1 8 43 50 50
0029_0034_0039_0028_0028.jpg 1 34 39 28 28
0030_0023_0033_0027_0027.jpg 1 23 33 27 27
0031_0037_0017_0050_0050.jpg 1 37 17 50 50
0032_0034_0023_0060_0060.jpg 1 34 23 60 60
0033_0053_0052_0039_0039.jpg 1 53 52 39 39
0034_0025_0021_0068_0068.jpg 1 25 21 68 68
0035_0032_0010_0034_0034.jpg 1 32 10 34 34
0036_0024_0012_0068_0068.jpg 1 24 12 68 68
0037_0037_0006_0052_0052.jpg 1 37 6 52 52
0038_0008_0057_0036_0036.jpg 1 8 57 36 36
0039_0042_0006_0050_0050.jpg 1 42 6 50 50
0040_0035_0026_0054_0054.jpg 1 35 26 54 54
0041_0044_0040_0047_0047.jpg 1 44 40 47 47
0042_0012_0028_0064_0064.jpg 1 12 28 64 64
0043_0047_0047_0032_0032.jpg 1 47 47 32 32
0044_0028_0006_0057_0057.jpg 1 28 6 57 57
0045_0029_0060_0027_0027.jpg 1 29 60 27 27
0046_0025_0025_0028_0028.jpg 1 25 25 28 28
0047_0004_0025_0065_0065.jpg 1 4 25 65 65
0048_0008_0044_0045_0045.jpg 1 8 44 45 45
0049_0023_0031_0059_0059.jpg 1 23 31 59 59
0050_0032_0026_0033_0033.jpg 1 32 26 33 33
0051_0020_0008_0067_0067.jpg 1 20 8 67 67
0052_0004_0027_0066_0066.jpg 1 4 27 66 66
0053_0008_0031_0062_0062.jpg 1 8 31 62 62
0054_0010_0052_0039_0039.jpg 1 10 52 39 39
0055_0029_0010_0064_0064.jpg 1 29 10 64 64
0056_0011_0037_0048_0048.jpg 1 11 37 48 48
0057_0016_0030_0041_0041.jpg 1 16 30 41 41
0058_0029_0043_0037_0037.jpg 1 29 43 37 37
0059_0034_0046_0033_0033.jpg 1 34 46 33 33
0060_0034_0049_0031_0031.jpg 1 34 49 31 31
0061_0059_0010_0026_0026.jpg 1 59 10 26 26
0062_0052_0018_0028_0028.jpg 1 52 18 28 28
0063_0024_0052_0026_0026.jpg 1 24 52 26 26
0064_0027_0021_0044_0044.jpg 1 27 21 44 44
0065_0012_0056_0036_0036.jpg 1 12 56 36 36
0066_0019_0033_0053_0053.jpg 1 19 33 53 53
0067_0027_0012_0033_0033.jpg 1 27 12 33 33
0068_0020_0022_0038_0038.jpg 1 20 22 38 38
0069_0005_0008_0049_0049.jpg 1 5 8 49 49
0070_0028_0025_0051_0051.jpg 1 28 25 51 51
0071_0015_0022_0044_0044.jpg 1 15 22 44 44
0072_0031_0015_0058_0058.jpg 1 31 15 58 58
0073_0035_0010_0052_0052.jpg 1 35 10 52 52
0074_0061_0038_0026_0026.jpg 1 61 38 26 26
0075_0028_0050_0041_0041.jpg 1 28 50 41 41
0076_0025_0010_0069_0069.jpg 1 25 10 69 69
0077_0025_0019_0035_0035.jpg 1 25 19 35 35
0078_0040_0030_0053_0053.jpg 1 40 30 53 53
0079_0031_0014_0062_0062.jpg 1 31 14 62 62
0080_0020_0008_0056_0056.jpg 1 20 8 56 56
0081_0056_0009_0033_0033.jpg 1 56 9 33 33
0082_0028_0023_0067_0067.jpg 1 28 23 67 67
0083_0026_0007_0063_0063.jpg 1 26 7 63 63
0084_0025_0053_0040_0040.jpg 1 25 53 40 40
0085_0007_0024_0058_0058.jpg 1 7 24 58 58
0086_0026_0016_0063_0063.jpg 1 26 16 63 63
0087_0026_0037_0050_0050.jpg 1 26 37 50 50
0088_0028_0034_0055_0055.jpg 1 28 34 55 55
0089_0029_0029_0037_0037.jpg 1 29 29 37 37
0090_0006_0030_0049_0049.jpg 1 6 30 49 49
0091_0006_0038_0051_0051.jpg 1 6 38 51 51
0092_0027_0023_0055_0055.jpg 1 27 23 55 55
0093_0028_0020_0057_0057.jpg 1 28 20 57 57
0094_0011_0029_0064_0064.jpg 1 11 29 64 64
0095_0006_0032_0063_0063.jpg 1 6 32 63 63
0096_0041_0021_0050_0050.jpg 1 41 21 50 50
0097_0049_0013_0024_0024.jpg 1 49 13 24 24
0098_0007_0028_0058_0058.jpg 1 7 28 58 58
0099_0025_0029_0065_0065.jpg 1 25 29 65 65
0100_0038_0016_0051_0051.jpg 1 38 16 51 51
0101_0045_0008_0025_0025.jpg 1 45 8 25 25
0102_0009_0032_0058_0058.jpg 1 9 32 58 58
0103_0023_0015_0062_0062.jpg 1 23 15 62 62
0104_0027_0023_0046_0046.jpg 1 27 23 46 46
0105_0023_0019_0047_0047.jpg 1 23 19 47 47
0106_0028_0006_0054_0054.jpg 1 28 6 54 54
0107_0014_0025_0054_0054.jpg 1 14 25 54 54
0108_0039_0038_0042_0042.jpg 1 39 38 42 42
0109_0041_0028_0029_0029.jpg 1 41 28 29 29
0110_0025_0010_0044_0044.jpg 1 25 10 44 44
0111_0033_0024_0050_0050.jpg 1 33 24 50 50
0112_0027_0040_0034_0034.jpg 1 27 40 34 34
0113_0014_0013_0057_0057.jpg 1 14 13 57 57
0114_0022_0045_0033_0033.jpg 1 22 45 33 33
0115_0009_0038_0042_0042.jpg 1 9 38 42 42
0116_0046_0006_0041_0041.jpg 1 46 6 41 41
0117_0035_0047_0031_0031.jpg 1 35 47 31 31
0118_0021_0024_0067_0067.jpg 1 21 24 67 67
0119_0044_0026_0029_0029.jpg 1 44 26 29 29
0120_0060_0036_0025_0025.jpg 1 60 36 25 25
0121_0019_0027_0058_0058.jpg 1 19 27 58 58
0122_0031_0011_0026_0026.jpg 1 31 11 26 26
0123_0032_0015_0056_0056.jpg 1 32 15 56 56
0124_0008_0025_0061_0061.jpg 1 8 25 61 61
0125_0017_0009_0059_0059.jpg 1 17 9 59 59
0126_0010_0045_0040_0040.jpg 1 10 45 40 40
0127_0023_0024_0037_0037.jpg 1 23 24 37 37
0128_0020_0019_0026_0026.jpg 1 20 19 26 26
0129_0033_0037_0043_0043.jpg 1 33 37 43 43
0130_0007_0011_0041_0041.jpg 1 7 11 41 41
0131_0038_0033_0052_0052.jpg 1 38 33 52 52
0132_0007_0019_0069_0069.jpg 1 7 19 69 69
0133_0023_0010_0065_0065.jpg 1 23 10 65 65
0134_0009_0050_0032_0032.jpg 1 9 50 32 32
0135_0020_0019_0056_0056.jpg 1 20 19 56 56
0136_0016_0017_0056_0056.jpg 1 16 17 56 56
0137_0047_0019_0046_0046.jpg 1 47 19 46 46
0138_0026_0035_0025_0025.jpg 1 26 35 25 25
0139_0053_0030_0032_0032.jpg 1 53 30 32 32
0140_0040_0037_0052_0052.jpg 1 40 37 52 52
0141_0014_0017_0068_0068.jpg 1 14 17 68 68
0142_0024_0025_0059_0059.jpg 1 24 25 59 59
0143_0030_0034_0046_0046.jpg 1 30 34 46 46
0144_0018_0009_0038_0038.jpg 1 18 9 38 38
0145_0010_0015_0060_0060.jpg 1 10 15 60 60
0146_0033_0011_0058_0058.jpg 1 33 11 58 58
0147_0046_0024_0028_0028.jpg 1 46 24 28 28
0148_0028_0037_0056_0056.jpg 1 28 37 56 56
0149_0018_0040_0042_0042.jpg 1 18 40 42 42
0150_0020_0037_0036_0036.jpg 1 20 37 36 36
0151_0005_0007_0065_0065.jpg 1 5 7 65 65
0152_0049_0032_0024_0024.jpg 1 49 32 24 24
0153_0026_0034_0061_0061.jpg 1 26 34 61 61
0154_0014_0020_0027_0027.jpg 1 14 20 27 27
0155_0015_0003_0065_0065.jpg 1 15 3 65 65
0156_0056_0042_0037_0037.jpg 1 56 42 37 37
0157_0016_0023_0058_0058.jpg 1 16 23 58 58
0158_0035_0047_0046_0046.jpg 1 35 47 46 46
0159_0017_0028_0060_0060.jpg 1 17 28 60 60
0160_0007_0028_0061_0061.jpg 1 7 28 61 61
0161_0016_0011_0058_0058.jpg 1 16 11 58 58
0162_0035_0045_0043_0043.jpg 1 35 45 43 43
0163_0049_0036_0034_0034.jpg 1 49 36 34 34
0164_0014_0010_0069_0069.jpg 1 14 10 69 69
0165_0029_0047_0026_0026.jpg 1 29 47 26 26
0166_0047_0061_0024_0024.jpg 1 47 61 24 24
0167_0007_0014_0027_0027.jpg 1 7 14 27 27
0168_0037_0033_0052_0052.jpg 1 37 33 52 52
0169_0038_0029_0053_0053.jpg 1 38 29 53 53
0170_0024_0025_0045_0045.jpg 1 24 25 45 45
0171_0047_0034_0040_0040.jpg 1 47 34 40 40
0172_0017_0019_0058_0058.jpg 1 17 19 58 58
0173_0020_0056_0030_0030.jpg 1 20 56 30 30
0174_0018_0022_0058_0058.jpg 1 18 22 58 58
0175_0026_0034_0058_0058.jpg 1 26 34 58 58
0176_0013_0035_0056_0056.jpg 1 13 35 56 56
0177_0033_0012_0035_0035.jpg 1 33 12 35 35
0178_0008_0047_0032_0032.jpg 1 8 47 32 32
0179_0037_0007_0056_0056.jpg 1 37 7 56 56
0180_0013_0033_0058_0058.jpg 1 13 33 58 58
0181_0009_0020_0033_0033.jpg 1 9 20 33 33
0182_0015_0011_0066_0066.jpg 1 15 11 66 66
0183_0006_0020_0066_0066.jpg 1 6 20 66 66
0184_0020_0016_0039_0039.jpg 1 20 16 39 39
0185_0021_0027_0061_0061.jpg 1 21 27 61 61
0186_0008_0022_0063_0063.jpg 1 8 22 63 63
0187_0020_0015_0038_0038.jpg 1 20 15 38 38
0188_0036_0017_0024_0024.jpg 1 36 17 24 24
0189_0027_0030_0036_0036.jpg 1 27 30 36 36
0190_0037_0010_0055_0055.jpg 1 37 10 55 55
0191_0010_0034_0045_0045.jpg 1 10 34 45 45
0192_0059_0024_0031_0031.jpg 1 59 24 31 31
0193_0012_0021_0067_0067.jpg 1 12 21 67 67
0194_0009_0047_0031_0031.jpg 1 9 47 31 31
0195_0016_0015_0061_0061.jpg 1 16 15 61 61
0196_0033_0030_0030_0030.jpg 1 33 30 30 30
0197_0041_0043_0040_0040.jpg 1 41 43 40 40
0198_0042_0021_0041_0041.jpg 1 42 21 41 41
0199_0064_0032_0028_0028.jpg 1 64 32 28 28
0200_0006_0009_0063_0063.jpg 1 6 9 63 63
0201_0047_0029_0042_0042.jpg 1 47 29 42 42
0202_0038_0045_0048_0048.jpg 1 38 45 48 48
0203_0040_0026_0047_0047.jpg 1 40 26 47 47
0204_0052_0029_0028_0028.jpg 1 52 29 28 28
0205_0016_0035_0029_0029.jpg 1 16 35 29 29
0206_0016_0047_0043_0043.jpg 1 16 47 43 43
0207_0044_0053_0029_0029.jpg 1 44 53 29 29
0208_0027_0014_0066_0066.jpg 1 27 14 66 66
0209_0009_0012_0056_0056.jpg 1 9 12 56 56
0210_0022_0009_0042_0042.jpg 1 22 9 42 42
0211_0022_0048_0039_0039.jpg 1 22 48 39 39
0212_0058_0029_0026_0026.jpg 1 58 29 26 26
0213_0010_0026_0065_0065.jpg 1 10 26 65 65
0214_0017_0005_0069_0069.jpg 1 17 5 69 69
0215_0006_0010_0057_0057.jpg 1 6 10 57 57
0216_0050_0028_0035_0035.jpg 1 50 28 35 35
0217_0033_0018_0047_0047.jpg 1 33 18 47 47
0218_0032_0012_0059_0059.jpg 1 32 12 59 59
0219_0008_0036_0031_0031.jpg 1 8 36 31 31
0220_0043_0028_0026_0026.jpg 1 43 28 26 26
0221_0005_0018_0048_0048.jpg 1 5 18 48 48
0222_0007_0009_0066_0066.jpg 1 7 9 66 66
0223_0025_0004_0062_0062.jpg 1 25 4 62 62
0224_0006_0041_0048_0048.jpg 1 6 41 48 48
0225_0030_0012_0030_0030.jpg 1 30 12 30 30
0226_0026_0012_0062_0062.jpg 1 26 12 62 62
0227_0038_0020_0039_0039.jpg 1 38 20 39 39
0228_0019_0024_0048_0048.jpg 1 19 24 48 48
0229_0016_0020_0062_0062.jpg 1 16 20 62 62
0230_0034_0012_0033_0033.jpg 1 34 12 33 33
0231_0061_0064_0026_0026.jpg 1 61 64 26 26
0232_0029_0014_0047_0047.jpg 1 29 14 47 47
0233_0035_0005_0059_0059.jpg 1 35 5 59 59
0234_0027_0009_0067_0067.jpg 1 27 9 67 67
0235_0054_0032_0035_0035.jpg 1 54 32 35 35
0236_0042_0037_0037_0037.jpg 1 42 37 37 37
0237_0021_0060_0024_0024.jpg 1 21 60 24 24
0238_0061_0028_0030_0030.jpg 1 61 28 30 30
0239_0057_0023_0029_0029.jpg 1 57 23 29 29
0240_0008_0015_0030_0030.jpg 1 8 15 30 30
0241_0032_0053_0029_0029.jpg 1 32 53 29 29
0242_0003_0032_0064_0064.jpg 1 3 32 64 64
0243_0009_0041_0040_0040.jpg 1 9 41 40 40
0244_0026_0043_0047_0047.jpg 1 26 43 47 47
0245_0056_0012_0034_0034.jpg 1 56 12 34 34
0246_0012_0007_0032_0032.jpg 1 12 7 32 32
0247_0011_0026_0067_0067.jpg 1 11 26 67 67
0248_0011_0027_0065_0065.jpg 1 11 27 65 65
0249_0044_0033_0037_0037.jpg 1 44 33 37 37
0250_0029_0021_0066_0066.jpg 1 29 21 66 66
0251_0035_0034_0054_0054.jpg 1 35 34 54 54
0252_0007_0009_0037_0037.jpg 1 7 9 37 37
0253_0038_0020_0042_0042.jpg 1 38 20 42 42
0254_0023_0009_0051_0051.jpg 1 23 9 51 51
0255_0046_0041_0034_0034.jpg 1 46 41 34 34
0256_0054_0048_0035_0035.jpg 1 54 48 35 35
0257_0048_0038_0043_0043.jpg 1 48 38 43 43
0258_0016_0019_0064_0064.jpg 1 16 19 64 64
0259_0066_0015_0026_0026.jpg 1 66 15 26 26
0260_0014_0049_0024_0024.jpg 1 14 49 24 24
0261_0011_0022_0028_0028.jpg 1 11 22 28 28
0262_0027_0034_0056_0056.jpg 1 27 34 56 56
0263_0014_0025_0031_0031.jpg 1 14 25 31 31
0264_0014_0034_0059_0059.jpg 1 14 34 59 59
0265_0034_0049_0042_0042.jpg 1 34 49 42 42
0266_0032_0019_0053_0053.jpg 1 32 19 53 53
0267_0024_0033_0044_0044.jpg 1 24 33 44 44
0268_0012_0034_0055_0055.jpg 1 12 34 55 55
0269_0013_0020_0033_0033.jpg 1 13 20 33 33
0270_0031_0028_0040_0040.jpg 1 31 28 40 40
0271_0046_0013_0040_0040.jpg 1 46 13 40 40
0272_0030_0047_0036_0036.jpg 1 30 47 36 36
0273_0010_0024_0069_0069.jpg 1 10 24 69 69
0274_0046_0018_0041_0041.jpg 1 46 18 41 41
0275_0030_0035_0026_0026.jpg 1 30 35 26 26
0276_0028_0050_0037_0037.jpg 1 28 50 37 37
0277_0034_0029_0060_0060.jpg 1 34 29 60 60
0278_0020_0027_0056_0056.jpg 1 20 27 56 56
0279_0029_0036_0056_0056.jpg 1 29 36 56 56
0280_0006_0024_0064_0064.jpg 1 6 24 64 64
0281_0022_0026_0046_0046.jpg 1 22 26 46 46
0282_0024_0008_0058_0058.jpg 1 24 8 58 58
0283_0009_0023_0069_0069.jpg 1 9 23 69 69
0284_0031_0051_0024_0024.jpg 1 31 51 24 24
0285_0036_0055_0025_0025.jpg 1 36 55 25 25
0286_0026_0009_0063_0063.jpg 1 26 9 63 63
0287_0045_0035_0038_0038.jpg 1 45 35 38 38
0288_0035_0042_0049_0049.jpg 1 35 42 49 49
0289_0008_0024_0068_0068.jpg 1 8 24 68 68
0290_0006_0020_0060_0060.jpg 1 6 20 60 60
0291_0035_0051_0024_0024.jpg 1 35 51 24 24
0292_0038_0041_0046_0046.jpg 1 38 41 46 46
0293_0026_0022_0066_0066.jpg 1 26 22 66 66
0294_0003_0010_0067_0067.jpg 1 3 10 67 67
0295_0013_0025_0032_0032.jpg 1 13 25 32 32
0296_0029_0052_0032_0032.jpg 1 29 52 32 32
0297_0009_0012_0066_0066.jpg 1 9 12 66 66
0298_0040_0041_0033_0033.jpg 1 40 41 33 33
0299_0018_0031_0031_0031.jpg 1 18 31 31 31
0300_0040_0053_0036_0036.jpg 1 40 53 36 36
0301_0060_0049_0029_0029.jpg 1 60 49 29 29
0302_0031_0026_0059_0059.jpg 1 31 26 59 59
0303_0045_0010_0047_0047.jpg 1 45 10 47 47
0304_0009_0029_0046_0046.jpg 1 9 29 46 46
0305_0017_0008_0064_0064.jpg 1 17 8 64 64
0306_0006_0032_0039_0039.jpg 1 6 32 39 39
0307_0017_0030_0064_0064.jpg 1 17 30 64 64
0308_0047_0006_0034_0034.jpg 1 47 6 34 34
0309_0005_0022_0050_0050.jpg 1 5 22 50 50
0310_0028_0018_0052_0052.jpg 1 28 18 52 52
0311_0008_0046_0048_0048.jpg 1 8 46 48 48
0312_0043_0017_0051_0051.jpg 1 43 17 51 51
0313_0014_0031_0038_0038.jpg 1 14 31 38 38
0314_0031_0011_0057_0057.jpg 1 31 11 57 57
0315_0054_0046_0031_0031.jpg 1 54 46 31 31
0316_0037_0049_0034_0034.jpg 1 37 49 34 34
0317_0034_0021_0051_0051.jpg 1 34 21 51 51
0318_0041_0038_0043_0043.jpg 1 41 38 43 43
0319_0051_0045_0034_0034.jpg 1 51 45 34 34
0320_0025_0042_0027_0027.jpg 1 25 42 27 27
0321_0023_0034_0060_0060.jpg 1 23 34 60 60
0322_0018_0040_0038_0038.jpg 1 18 40 38 38
0323_0007_0016_0069_0069.jpg 1 7 16 69 69
0324_0018_0041_0031_0031.jpg 1 18 41 31 31
0325_0051_0046_0032_0032.jpg 1 51 46 32 32
0326_0010_0013_0068_0068.jpg 1 10 13 68 68
0327_0047_0012_0039_0039.jpg 1 47 12 39 39
0328_0027_0018_0064_0064.jpg 1 27 18 64 64
0329_0012_0016_0069_0069.jpg 1 12 16 69 69
0330_0028_0028_0055_0055.jpg 1 28 28 55 55
0331_0029_0013_0041_0041.jpg 1 29 13 41 41
0332_0009_0010_0062_0062.jpg 1 9 10 62 62
0333_0035_0012_0055_0055.jpg 1 35 12 55 55
0334_0028_0013_0036_0036.jpg 1 28 13 36 36
0335_0034_0031_0024_0024.jpg 1 34 31 24 24
0336_0054_0056_0037_0037.jpg 1 54 56 37 37
0337_0008_0033_0051_0051.jpg 1 8 33 51 51
0338_0013_0015_0041_0041.jpg 1 13 15 41 41
0339_0012_0016_0043_0043.jpg 1 12 16 43 43
0340_0041_0060_0032_0032.jpg 1 41 60 32 32
0341_0032_0031_0055_0055.jpg 1 32 31 55 55
0342_0032_0058_0025_0025.jpg 1 32 58 25 25
0343_0012_0005_0064_0064.jpg 1 12 5 64 64
0344_0038_0040_0044_0044.jpg 1 38 40 44 44
0345_0009_0065_0026_0026.jpg 1 9 65 26 26
0346_0016_0012_0049_0049.jpg 1 16 12 49 49
0347_0007_0007_0043_0043.jpg 1 7 7 43 43
0348_0041_0017_0034_0034.jpg 1 41 17 34 34
0349_0022_0029_0053_0053.jpg 1 22 29 53 53
0350_0009_0041_0043_0043.jpg 1 9 41 43 43
0351_0005_0034_0059_0059.jpg 1 5 34 59 59
0352_0007_0008_0068_0068.jpg 1 7 8 68 68
0353_0048_0029_0046_0046.jpg 1 48 29 46 46
0354_0022_0035_0048_0048.jpg 1 22 35 48 48
0355_0018_0014_0058_0058.jpg 1 18 14 58 58
0356_0009_0035_0060_0060.jpg 1 9 35 60 60
0357_0024_0040_0044_0044.jpg 1 24 40 44 44
0358_0024_0036_0040_0040.jpg 1 24 36 40 40
0359_0011_0024_0028_0028.jpg 1 11 24 28 28
0360_0028_0011_0064_0064.jpg 1 28 11 64 64
0361_0034_0026_0029_0029.jpg 1 34 26 29 29
0362_0013_0044_0042_0042.jpg 1 13 44 42 42
0363_0032_0031_0042_0042.jpg 1 32 31 42 42
0364_0041_0011_0034_0034.jpg 1 41 11 34 34
0365_0013_0008_0067_0067.jpg 1 13 8 67 67
0366_0021_0009_0069_0069.jpg 1 21 9 69 69
0367_0018_0028_0035_0035.jpg 1 18 28 35 35
0368_0031_0005_0061_0061.jpg 1 31 5 61 61
0369_0018_0050_0027_0027.jpg 1 18 50 27 27
0370_0012_0035_0059_0059.jpg 1 12 35 59 59
0371_0025_0021_0063_0063.jpg 1 25 21 63 63
0372_0020_0040_0037_0037.jpg 1 20 40 37 37
0373_0024_0003_0064_0064.jpg 1 24 3 64 64
0374_0021_0051_0041_0041.jpg 1 21 51 41 41
0375_0031_0023_0034_0034.jpg 1 31 23 34 34
0376_0055_0059_0033_0033.jpg 1 55 59 33 33
0377_0007_0025_0034_0034.jpg 1 7 25 34 34
0378_0027_0005_0066_0066.jpg 1 27 5 66 66
0379_0039_0010_0050_0050.jpg 1 39 10 50 50
0380_0007_0021_0059_0059.jpg 1 7 21 59 59
0381_0008_0009_0064_0064.jpg 1 8 9 64 64
0382_0030_0019_0061_0061.jpg 1 30 19 61 61
0383_0027_0052_0030_0030.jpg 1 27 52 30 30
0384_0015_0035_0040_0040.jpg 1 15 35 40 40
0385_0045_0014_0036_0036.jpg 1 45 14 36 36
0386_0051_0027_0027_0027.jpg 1 51 27 27 27
0387_0013_0027_0044_0044.jpg 1 13 27 44 44
0388_0040_0038_0052_0052.jpg 1 40 38 52 52
0389_0017_0019_0055_0055.jpg 1 17 19 55 55
0390_0010_0029_0062_0062.jpg 1 10 29 62 62
0391_0017_0006_0066_0066.jpg 1 17 6 66 66
0392_0043_0013_0048_0048.jpg 1 43 13 48 48
0393_0029_0044_0024_0024.jpg 1 29 44 24 24
0394_0028_0006_0063_0063.jpg 1 28 6 63 63
0395_0046_0045_0040_0040.jpg 1 46 45 40 40
0396_0006_0004_0065_0065.jpg 1 6 4 65 65
0397_0017_0027_0062_0062.jpg 1 17 27 62 62
0398_0033_0005_0063_0063.jpg 1 33 5 63 63
0399_0007_0026_0068_0068.jpg 1 7 26 68 68
0400_0020_0030_0064_0064.jpg 1 20 30 64 64
0401_0037_0023_0031_0031.jpg 1 37 23 31 31
0402_0007_0042_0049_0049.jpg 1 7 42 49 49
0403_0052_0053_0025_0025.jpg 1 52 53 25 25
0404_0012_0010_0026_0026.jpg 1 12 10 26 26
0405_0043_0034_0029_0029.jpg 1 43 34 29 29
0406_0034_0035_0060_0060.jpg 1 34 35 60 60
0407_0046_0021_0047_0047.jpg 1 46 21 47 47
0408_0034_0017_0045_0045.jpg 1 34 17 45 45
0409_0038_0006_0041_0041.jpg 1 38 6 41 41
0410_0010_0017_0066_0066.jpg 1 10 17 66 66
0411_0021_0013_0054_0054.jpg 1 21 13 54 54
0412_0035_0033_0045_0045.jpg 1 35 33 45 45
0413_0022_0007_0051_0051.jpg 1 22 7 51 51
0414_0039_0028_0024_0024.jpg 1 39 28 24 24
0415_0032_0039_0042_0042.jpg 1 32 39 42 42
0416_0064_0015_0025_0025.jpg 1 64 15 25 25
0417_0017_0029_0063_0063.jpg 1 17 29 63 63
0418_0013_0015_0065_0065.jpg 1 13 15 65 65
0419_0025_0041_0034_0034.jpg 1 25 41 34 34
0420_0005_0008_0053_0053.jpg 1 5 8 53 53
0421_0023_0006_0067_0067.jpg 1 23 6 67 67
0422_0033_0022_0061_0061.jpg 1 33 22 61 61
0423_0029_0024_0043_0043.jpg 1 29 24 43 43
0424_0018_0033_0029_0029.jpg 1 18 33 29 29
0425_0017_0020_0064_0064.jpg 1 17 20 64 64
0426_0010_0027_0049_0049.jpg 1 10 27 49 49
0427_0038_0019_0051_0051.jpg 1 38 19 51 51
0428_0005_0015_0055_0055.jpg 1 5 15 55 55
0429_0014_0013_0034_0034.jpg 1 14 13 34 34
0430_0066_0050_0024_0024.jpg 1 66 50 24 24
0431_0017_0029_0055_0055.jpg 1 17 29 55 55
0432_0029_0037_0030_0030.jpg 1 29 37 30 30
0433_0053_0024_0034_0034.jpg 1 53 24 34 34
0434_0010_0047_0045_0045.jpg 1 10 47 45 45
0435_0043_0025_0037_0037.jpg 1 43 25 37 37
0436_0006_0007_0067_0067.jpg 1 6 7 67 67
0437_0052_0007_0042_0042.jpg 1 52 7 42 42
0438_0034_0057_0033_0033.jpg 1 34 57 33 33
0439_0058_0061_0030_0030.jpg 1 58 61 30 30
0440_0042_0030_0052_0052.jpg 1 42 30 52 52
0441_0019_0010_0029_0029.jpg 1 19 10 29 29
0442_0051_0017_0037_0037.jpg 1 51 17 37 37
0443_0013_0030_0052_0052.jpg 1 13 30 52 52
0444_0031_0054_0025_0025.jpg 1 31 54 25 25
0445_0042_0016_0040_0040.jpg 1 42 16 40 40
0446_0021_0046_0045_0045.jpg 1 21 46 45 45
0447_0032_0020_0056_0056.jpg 1 32 20 56 56
0448_0022_0039_0053_0053.jpg 1 22 39 53 53
0449_0033_0054_0025_0025.jpg 1 33 54 25 25
0450_0014_0013_0043_0043.jpg 1 14 13 43 43
0451_0042_0027_0042_0042.jpg 1 42 27 42 42
0452_0016_0027_0065_0065.jpg 1 16 27 65 65
0453_0048_0024_0041_0041.jpg 1 48 24 41 41
0454_0035_0058_0029_0029.jpg 1 35 58 29 29
0455_0009_0011_0065_0065.jpg 1 9 11 65 65
0456_0056_0035_0033_0033.jpg 1 56 35 33 33
0457_0022_0045_0048_0048.jpg 1 22 45 48 48
0458_0028_0050_0025_0025.jpg 1 28 50 25 25
0459_0017_0041_0032_0032.jpg 1 17 41 32 32
0460_0014_0031_0044_0044.jpg 1 14 31 44 44
0461_0034_0007_0053_0053.jpg 1 34 7 53 53
0462_0028_0042_0029_0029.jpg 1 28 42 29 29
0463_0023_0062_0026_0026.jpg 1 23 62 26 26
0464_0019_0056_0033_0033.jpg 1 19 56 33 33
0465_0038_0022_0037_0037.jpg 1 38 22 37 37
0466_0017_0028_0063_0063.jpg 1 17 28 63 63
0467_0011_0022_0035_0035.jpg 1 11 22 35 35
0468_0003_0021_0068_0068.jpg 1 3 21 68 68
0469_0060_0024_0028_0028.jpg 1 60 24 28 28
0470_0034_0008_0030_0030.jpg 1 34 8 30 30
0471_0045_0034_0048_0048.jpg 1 45 34 48 48
0472_0064_0012_0026_0026.jpg 1 64 12 26 26
0473_0056_0010_0033_0033.jpg 1 56 10 33 33
0474_0015_0057_0036_0036.jpg 1 15 57 36 36
0475_0013_0006_0067_0067.jpg 1 13 6 67 67
0476_0032_0044_0036_0036.jpg 1 32 44 36 36
0477_0056_0020_0034_0034.jpg 1 56 20 34 34
0478_0046_0011_0030_0030.jpg 1 46 11 30 30
0479_0016_0018_0039_0039.jpg 1 16 18 39 39
0480_0027_0029_0062_0062.jpg 1 27 29 62 62
0481_0042_0026_0051_0051.jpg 1 42 26 51 51
0482_0006_0027_0036_0036.jpg 1 6 27 36 36
0483_0014_0028_0061_0061.jpg 1 14 28 61 61
0484_0014_0019_0034_0034.jpg 1 14 19 34 34
0485_0044_0031_0039_0039.jpg 1 44 31 39 39
0486_0018_0003_0069_0069.jpg 1 18 3 69 69
0487_0007_0027_0066_0066.jpg 1 7 27 66 66
0488_0011_0016_0062_0062.jpg 1 11 16 62 62
0489_0018_0031_0062_0062.jpg 1 18 31 62 62
0490_0005_0012_0068_0068.jpg 1 5 12 68 68
0491_0011_0016_0044_0044.jpg 1 11 16 44 44
0492_0009_0037_0052_0052.jpg 1 9 37 52 52
0493_0020_0004_0057_0057.jpg 1 20 4 57 57
0494_0021_0018_0069_0069.jpg 1 21 18 69 69
0495_0027_0008_0060_0060.jpg 1 27 8 60 60
0496_0022_0038_0053_0053.jpg 1 22 38 53 53
0497_0043_0034_0035_0035.jpg 1 43 34 35 35
0498_0034_0034_0058_0058.jpg 1 34 34 58 58
0499_0013_0034_0038_0038.jpg 1 13 34 38 38
0500_0044_0049_0032_0032.jpg 1 44 49 32 32
0501_0031_0044_0035_0035.jpg 1 31 44 35 35
0502_0029_0049_0044_0044.jpg 1 29 49 44 44
0503_0005_0013_0069_0069.jpg 1 5 13 69 69
0504_0026_0020_0061_0061.jpg 1 26 20 61 61
0505_0006_0020_0044_0044.jpg 1 6 20 44 44
0506_0017_0007_0048_0048.jpg 1 17 7 48 48
0507_0014_0004_0059_0059.jpg 1 14 4 59 59
0508_0041_0052_0033_0033.jpg 1 41 52 33 33
0509_0019_0035_0044_0044.jpg 1 19 35 44 44
0510_0052_0051_0033_0033.jpg 1 52 51 33 33
0511_0031_0009_0045_0045.jpg 1 31 9 45 45
0512_0010_0045_0033_0033.jpg 1 10 45 33 33
0513_0023_0030_0057_0057.jpg 1 23 30 57 57
0514_0014_0027_0054_0054.jpg 1 14 27 54 54
0515_0063_0038_0024_0024.jpg 1 63 38 24 24
0516_0025_0040_0048_0048.jpg 1 25 40 48 48
0517_0008_0016_0065_0065.jpg 1 8 16 65 65
0518_0020_0012_0062_0062.jpg 1 20 12 62 62
0519_0029_0035_0055_0055.jpg 1 29 35 55 55
0520_0028_0025_0049_0049.jpg 1 28 25 49 49
0521_0018_0010_0051_0051.jpg 1 18 10 51 51
0522_0007_0009_0051_0051.jpg 1 7 9 51 51
0523_0033_0015_0059_0059.jpg 1 33 15 59 59
0524_0010_0028_0061_0061.jpg 1 10 28 61 61
0525_0025_0028_0068_0068.jpg 1 25 28 68 68
0526_0018_0003_0062_0062.jpg 1 18 3 62 62
0527_0036_0013_0053_0053.jpg 1 36 13 53 53
0528_0049_0011_0035_0035.jpg 1 49 11 35 35
0529_0005_0028_0067_0067.jpg 1 5 28 67 67
0530_0033_0038_0049_0049.jpg 1 33 38 49 49
0531_0014_0015_0025_0025.jpg 1 14 15 25 25
0532_0007_0006_0047_0047.jpg 1 7 6 47 47
0533_0037_0035_0045_0045.jpg 1 37 35 45 45
0534_0011_0023_0069_0069.jpg 1 11 23 69 69
0535_0019_0007_0029_0029.jpg 1 19 7 29 29
0536_0021_0014_0058_0058.jpg 1 21 14 58 58
0537_0022_0005_0058_0058.jpg 1 22 5 58 58
0538_0028_0025_0054_0054.jpg 1 28 25 54 54
0539_0054_0056_0034_0034.jpg 1 54 56 34 34
0540_0022_0024_0035_0035.jpg 1 22 24 35 35
0541_0022_0011_0038_0038.jpg 1 22 11 38 38
0542_0038_0007_0048_0048.jpg 1 38 7 48 48
0543_0024_0005_0050_0050.jpg 1 24 5 50 50
0544_0006_0026_0042_0042.jpg 1 6 26 42 42
0545_0025_0024_0042_0042.jpg 1 25 24 42 42
0546_0003_0015_0069_0069.jpg 1 3 15 69 69
0547_0010_0005_0064_0064.jpg 1 10 5 64 64
0548_0023_0011_0065_0065.jpg 1 23 11 65 65
0549_0024_0008_0062_0062.jpg 1 24 8 62 62
0550_0032_0049_0025_0025.jpg 1 32 49 25 25
0551_0023_0022_0056_0056.jpg 1 23 22 56 56
0552_0034_0026_0054_0054.jpg 1 34 26 54 54
0553_0041_0021_0036_0036.jpg 1 41 21 36 36
0554_0008_0015_0039_0039.jpg 1 8 15 39 39
0555_0016_0013_0060_0060.jpg 1 16 13 60 60
0556_0016_0039_0037_0037.jpg 1 16 39 37 37
0557_0022_0007_0048_0048.jpg 1 22 7 48 48
0558_0025_0030_0029_0029.jpg 1 25 30 29 29
0559_0051_0055_0033_0033.jpg 1 51 55 33 33
0560_0031_0008_0032_0032.jpg 1 31 8 32 32
0561_0025_0018_0050_0050.jpg 1 25 18 50 50
0562_0052_0038_0040_0040.jpg 1 52 38 40 40
0563_0034_0020_0050_0050.jpg 1 34 20 50 50
0564_0013_0004_0062_0062.jpg 1 13 4 62 62
0565_0010_0051_0040_0040.jpg 1 10 51 40 40
0566_0034_0014_0035_0035.jpg 1 34 14 35 35
0567_0035_0018_0046_0046.jpg 1 35 18 46 46
0568_0016_0034_0043_0043.jpg 1 16 34 43 43
0569_0034_0033_0049_0049.jpg 1 34 33 49 49
0570_0051_0061_0031_0031.jpg 1 51 61 31 31
0571_0022_0051_0042_0042.jpg 1 22 51 42 42
0572_0009_0032_0049_0049.jpg 1 9 32 49 49
0573_0036_0041_0047_0047.jpg 1 36 41 47 47
0574_0034_0035_0048_0048.jpg 1 34 35 48 48
0575_0020_0035_0045_0045.jpg 1 20 35 45 45
0576_0012_0014_0055_0055.jpg 1 12 14 55 55
0577_0025_0016_0051_0051.jpg 1 25 16 51 51
0578_0054_0031_0032_0032.jpg 1 54 31 32 32
0579_0007_0031_0062_0062.jpg 1 7 31 62 62
0580_0005_0024_0068_0068.jpg 1 5 24 68 68
0581_0022_0061_0025_0025.jpg 1 22 61 25 25
0582_0044_0015_0040_0040.jpg 1 44 15 40 40
0583_0003_0008_0067_0067.jpg 1 3 8 67 67
0584_0012_0018_0060_0060.jpg 1 12 18 60 60
0585_0026_0029_0044_0044.jpg 1 26 29 44 44
0586_0035_0024_0055_0055.jpg 1 35 24 55 55
0587_0031_0050_0032_0032.jpg 1 31 50 32 32
0588_0050_0051_0030_0030.jpg 1 50 51 30 30
0589_0054_0036_0034_0034.jpg 1 54 36 34 34
0590_0023_0021_0032_0032.jpg 1 23 21 32 32
0591_0039_0028_0026_0026.jpg 1 39 28 26 26
0592_0010_0035_0056_0056.jpg 1 10 35 56 56
0593_0023_0017_0053_0053.jpg 1 23 17 53 53
0594_0045_0037_0034_0034.jpg 1 45 37 34 34
0595_0033_0047_0033_0033.jpg 1 33 47 33 33
0596_0031_0037_0044_0044.jpg 1 31 37 44 44
0597_0022_0043_0034_0034.jpg 1 22 43 34 34
0598_0017_0009_0027_0027.jpg 1 17 9 27 27
0599_0030_0033_0047_0047.jpg 1 30 33 47 47
0600_0035_0004_0055_0055.jpg 1 35 4 55 55
0601_0006_0028_0062_0062.jpg 1 6 28 62 62
0602_0027_0018_0034_0034.jpg 1 27 18 34 34
0603_0038_0046_0024_0024.jpg 1 38 46 24 24
0604_0014_0017_0065_0065.jpg 1 14 17 65 65
0605_0011_0011_0046_0046.jpg 1 11 11 46 46
0606_0031_0035_0046_0046.jpg 1 31 35 46 46
0607_0018_0019_0063_0063.jpg 1 18 19 63 63
0608_0021_0036_0056_0056.jpg 1 21 36 56 56
0609_0036_0015_0026_0026.jpg 1 36 15 26 26
0610_0040_0027_0054_0054.jpg 1 40 27 54 54
0611_0023_0032_0061_0061.jpg 1 23 32 61 61
0612_0026_0017_0042_0042.jpg 1 26 17 42 42
0613_0010_0022_0064_0064.jpg 1 10 22 64 64
0614_0027_0040_0040_0040.jpg 1 27 40 40 40
0615_0038_0021_0056_0056.jpg 1 38 21 56 56
0616_0024_0028_0056_0056.jpg 1 24 28 56 56
0617_0040_0018_0050_0050.jpg 1 40 18 50 50
0618_0050_0014_0028_0028.jpg 1 50 14 28 28
0619_0036_0011_0027_0027.jpg 1 36 11 27 27
0620_0012_0030_0043_0043.jpg 1 12 30 43 43
0621_0015_0027_0027_0027.jpg 1 15 27 27 27
0622_0015_0010_0066_0066.jpg 1 15 10 66 66
0623_0032_0036_0026_0026.jpg 1 32 36 26 26
0624_0058_0065_0025_0025.jpg 1 58 65 25 25
0625_0031_0029_0031_0031.jpg 1 31 29 31 31
0626_0013_0017_0030_0030.jpg 1 13 17 30 30
0627_0026_0013_0059_0059.jpg 1 26 13 59 59
0628_0054_0014_0030_0030.jpg 1 54 14 30 30
0629_0029_0017_0027_0027.jpg 1 29 17 27 27
0630_0044_0038_0036_0036.jpg 1 44 38 36 36
0631_0009_0038_0034_0034.jpg 1 9 38 34 34
0632_0017_0033_0057_0057.jpg 1 17 33 57 57
0633_0017_0023_0043_0043.jpg 1 17 23 43 43
0634_0037_0030_0045_0045.jpg 1 37 30 45 45
0635_0028_0011_0039_0039.jpg 1 28 11 39 39
0636_0016_0012_0065_0065.jpg 1 16 12 65 65
0637_0022_0027_0069_0069.jpg 1 22 27 69 69
0638_0004_0012_0067_0067.jpg 1 4 12 67 67
0639_0021_0029_0058_0058.jpg 1 21 29 58 58
0640_0059_0028_0032_0032.jpg 1 59 28 32 32
0641_0008_0041_0046_0046.jpg 1 8 41 46 46
0642_0020_0023_0067_0067.jpg 1 20 23 67 67
0643_0028_0026_0066_0066.jpg 1 28 26 66 66
0644_0010_0034_0040_0040.jpg 1 10 34 40 40
0645_0010_0026_0068_0068.jpg 1 10 26 68 68
0646_0007_0062_0030_0030.jpg 1 7 62 30 30
0647_0009_0033_0062_0062.jpg 1 9 33 62 62
0648_0029_0033_0028_0028.jpg 1 29 33 28 28
0649_0026_0022_0044_0044.jpg 1 26 22 44 44
0650_0021_0014_0025_0025.jpg 1 21 14 25 25
0651_0009_0055_0034_0034.jpg 1 9 55 34 34
0652_0043_0024_0046_0046.jpg 1 43 24 46 46
0653_0020_0038_0053_0053.jpg 1 20 38 53 53
0654_0017_0015_0030_0030.jpg 1 17 15 30 30
0655_0009_0004_0066_0066.jpg 1 9 4 66 66
0656_0044_0007_0047_0047.jpg 1 44 7 47 47
0657_0012_0010_0058_0058.jpg 1 12 10 58 58
0658_0026_0021_0040_0040.jpg 1 26 21 40 40
0659_0065_0030_0026_0026.jpg 1 65 30 26 26
0660_0010_0025_0054_0054.jpg 1 10 25 54 54
0661_0036_0054_0029_0029.jpg 1 36 54 29 29
0662_0015_0035_0049_0049.jpg 1 15 35 49 49
0663_0014_0027_0064_0064.jpg 1 14 27 64 64
0664_0032_0043_0046_0046.jpg 1 32 43 46 46
0665_0007_0014_0061_0061.jpg 1 7 14 61 61
0666_0007_0032_0043_0043.jpg 1 7 32 43 43
0667_0033_0023_0046_0046.jpg 1 33 23 46 46
0668_0019_0023_0044_0044.jpg 1 19 23 44 44
0669_0053_0031_0039_0039.jpg 1 53 31 39 39
0670_0005_0031_0047_0047.jpg 1 5 31 47 47
0671_0010_0006_0062_0062.jpg 1 10 6 62 62
0672_0055_0013_0037_0037.jpg 1 55 13 37 37
0673_0023_0028_0053_0053.jpg 1 23 28 53 53
0674_0043_0024_0045_0045.jpg 1 43 24 45 45
0675_0030_0040_0048_0048.jpg 1 30 40 48 48
0676_0004_0012_0066_0066.jpg 1 4 12 66 66
0677_0063_0060_0026_0026.jpg 1 63 60 26 26
0678_0026_0022_0042_0042.jpg 1 26 22 42 42
0679_0026_0014_0062_0062.jpg 1 26 14 62 62
0680_0038_0021_0056_0056.jpg 1 38 21 56 56
0681_0038_0020_0046_0046.jpg 1 38 20 46 46
0682_0034_0032_0042_0042.jpg 1 34 32 42 42
0683_0011_0019_0067_0067.jpg 1 11 19 67 67
0684_0007_0011_0066_0066.jpg 1 7 11 66 66
0685_0037_0040_0045_0045.jpg 1 37 40 45 45
0686_0055_0019_0027_0027.jpg 1 55 19 27 27
0687_0053_0014_0028_0028.jpg 1 53 14 28 28
0688_0025_0026_0031_0031.jpg 1 25 26 31 31
0689_0020_0006_0069_0069.jpg 1 20 6 69 69
0690_0034_0019_0054_0054.jpg 1 34 19 54 54
0691_0026_0019_0035_0035.jpg 1 26 19 35 35
0692_0041_0017_0033_0033.jpg 1 41 17 33 33
0693_0038_0022_0052_0052.jpg 1 38 22 52 52
0694_0008_0011_0043_0043.jpg 1 8 11 43 43
0695_0011_0037_0045_0045.jpg 1 11 37 45 45
0696_0059_0050_0031_0031.jpg 1 59 50 31 31
0697_0025_0010_0032_0032.jpg 1 25 10 32 32
0698_0014_0039_0044_0044.jpg 1 14 39 44 44
0699_0035_0009_0032_0032.jpg 1 35 9 32 32
0700_0025_0047_0034_0034.jpg 1 25 47 34 34
0701_0029_0014_0057_0057.jpg 1 29 14 57 57
0702_0040_0015_0053_0053.jpg 1 40 15 53 53
0703_0036_0018_0041_0041.jpg 1 36 18 41 41
0704_0022_0010_0047_0047.jpg 1 22 10 47 47
0705_0034_0032_0059_0059.jpg 1 34 32 59 59
0706_0009_0032_0041_0041.jpg 1 9 32 41 41
0707_0022_0019_0063_0063.jpg 1 22 19 63 63
0708_0021_0015_0063_0063.jpg 1 21 15 63 63
0709_0031_0031_0051_0051.jpg 1 31 31 51 51
0710_0016_0006_0067_0067.jpg 1 16 6 67 67
0711_0028_0043_0034_0034.jpg 1 28 43 34 34
0712_0037_0035_0047_0047.jpg 1 37 35 47 47
0713_0032_0034_0048_0048.jpg 1 32 34 48 48
0714_0017_0029_0055_0055.jpg 1 17 29 55 55
0715_0017_0029_0067_0067.jpg 1 17 29 67 67
0716_0028_0036_0048_0048.jpg 1 28 36 48 48
0717_0022_0006_0061_0061.jpg 1 22 6 61 61
0718_0013_0027_0066_0066.jpg 1 13 27 66 66
0719_0016_0007_0038_0038.jpg 1 16 7 38 38
0720_0059_0018_0027_0027.jpg 1 59 18 27 27
0721_0036_0007_0048_0048.jpg 1 36 7 48 48
0722_0027_0052_0040_0040.jpg 1 27 52 40 40
0723_0018_0054_0031_0031.jpg 1 18 54 31 31
0724_0029_0010_0032_0032.jpg 1 29 10 32 32
0725_0043_0023_0051_0051.jpg 1 43 23 51 51
0726_0027_0029_0050_0050.jpg 1 27 29 50 50
0727_0026_0036_0050_0050.jpg 1 26 36 50 50
0728_0026_0009_0061_0061.jpg 1 26 9 61 61
0729_0034_0024_0038_0038.jpg 1 34 24 38 38
0730_0023_0017_0042_0042.jpg 1 23 17 42 42
0731_0036_0045_0048_0048.jpg 1 36 45 48 48
0732_0050_0026_0028_0028.jpg 1 50 26 28 28
0733_0008_0011_0068_0068.jpg 1 8 11 68 68
0734_0021_0024_0052_0052.jpg 1 21 24 52 52
0735_0026_0013_0048_0048.jpg 1 26 13 48 48
0736_0027_0015_0052_0052.jpg 1 27 15 52 52
0737_0013_0061_0025_0025.jpg 1 13 61 25 25
0738_0006_0038_0038_0038.jpg 1 6 38 38 38
0739_0024_0042_0053_0053.jpg 1 24 42 53 53
0740_0015_0027_0058_0058.jpg 1 15 27 58 58
0741_0012_0042_0049_0049.jpg 1 12 42 49 49
0742_0015_0054_0036_0036.jpg 1 15 54 36 36
0743_0008_0051_0040_0040.jpg 1 8 51 40 40
0744_0028_0026_0051_0051.jpg 1 28 26 51 51
0745_0016_0017_0064_0064.jpg 1 16 17 64 64
0746_0043_0047_0025_0025.jpg 1 43 47 25 25
0747_0041_0045_0025_0025.jpg 1 41 45 25 25
0748_0016_0009_0030_0030.jpg 1 16 9 30 30
0749_0040_0005_0046_0046.jpg 1 40 5 46 46
0750_0021_0039_0039_0039.jpg 1 21 39 39 39
0751_0043_0060_0029_0029.jpg 1 43 60 29 29
0752_0011_0023_0067_0067.jpg 1 11 23 67 67
0753_0009_0012_0068_0068.jpg 1 9 12 68 68
0754_0010_0024_0060_0060.jpg 1 10 24 60 60
0755_0034_0005_0045_0045.jpg 1 34 5 45 45
0756_0018_0044_0036_0036.jpg 1 18 44 36 36
0757_0027_0042_0025_0025.jpg 1 27 42 25 25
0758_0036_0028_0052_0052.jpg 1 36 28 52 52
0759_0023_0047_0028_0028.jpg 1 23 47 28 28
0760_0031_0049_0042_0042.jpg 1 31 49 42 42
0761_0010_0006_0043_0043.jpg 1 10 6 43 43
0762_0021_0034_0026_0026.jpg 1 21 34 26 26
0763_0018_0009_0067_0067.jpg 1 18 9 67 67
0764_0010_0021_0065_0065.jpg 1 10 21 65 65
0765_0036_0035_0050_0050.jpg 1 36 35 50 50
0766_0005_0010_0050_0050.jpg 1 5 10 50 50
0767_0035_0030_0060_0060.jpg 1 35 30 60 60
0768_0025_0028_0061_0061.jpg 1 25 28 61 61
0769_0021_0017_0052_0052.jpg 1 21 17 52 52
0770_0020_0049_0027_0027.jpg 1 20 49 27 27
0771_0026_0043_0050_0050.jpg 1 26 43 50 50
0772_0018_0039_0037_0037.jpg 1 18 39 37 37
0773_0058_0012_0026_0026.jpg 1 58 12 26 26
0774_0020_0027_0032_0032.jpg 1 20 27 32 32
0775_0028_0043_0039_0039.jpg 1 28 43 39 39
0776_0005_0036_0057_0057.jpg 1 5 36 57 57
0777_0005_0023_0057_0057.jpg 1 5 23 57 57
0778_0025_0013_0058_0058.jpg 1 25 13 58 58
0779_0044_0022_0034_0034.jpg 1 44 22 34 34
0780_0011_0012_0039_0039.jpg 1 11 12 39 39
0781_0063_0056_0026_0026.jpg 1 63 56 26 26
0782_0037_0024_0055_0055.jpg 1 37 24 55 55
0783_0027_0010_0055_0055.jpg 1 27 10 55 55
0784_0033_0029_0060_0060.jpg 1 33 29 60 60
0785_0012_0008_0039_0039.jpg 1 12 8 39 39
0786_0034_0028_0039_0039.jpg 1 34 28 39 39
0787_0050_0032_0027_0027.jpg 1 50 32 27 27
0788_0036_0008_0040_0040.jpg 1 36 8 40 40
0789_0014_0033_0047_0047.jpg 1 14 33 47 47
0790_0017_0012_0029_0029.jpg 1 17 12 29 29
0791_0030_0010_0049_0049.jpg 1 30 10 49 49
0792_0016_0013_0057_0057.jpg 1 16 13 57 57
0793_0030_0022_0036_0036.jpg 1 30 22 36 36
0794_0014_0029_0066_0066.jpg 1 14 29 66 66
0795_0033_0037_0039_0039.jpg 1 33 37 39 39
0796_0006_0040_0048_0048.jpg 1 6 40 48 48
0797_0036_0025_0025_0025.jpg 1 36 25 25 25
0798_0048_0024_0025_0025.jpg 1 48 24 25 25
0799_0043_0031_0050_0050.jpg 1 43 31 50 50
0800_0021_0051_0038_0038.jpg 1 21 51 38 38
0801_0060_0053_0031_0031.jpg 1 60 53 31 31
0802_0030_0037_0042_0042.jpg 1 30 37 42 42
0803_0033_0009_0045_0045.jpg 1 33 9 45 45
0804_0013_0017_0055_0055.jpg 1 13 17 55 55
0805_0029_0027_0064_0064.jpg 1 29 27 64 64
0806_0047_0035_0047_0047.jpg 1 47 35 47 47
0807_0013_0033_0029_0029.jpg 1 13 33 29 29
0808_0037_0021_0031_0031.jpg 1 37 21 31 31
0809_0019_0038_0040_0040.jpg 1 19 38 40 40
0810_0032_0028_0045_0045.jpg 1 32 28 45 45
0811_0027_0049_0039_0039.jpg 1 27 49 39 39
0812_0027_0016_0025_0025.jpg 1 27 16 25 25
0813_0022_0035_0053_0053.jpg 1 22 35 53 53
0814_0007_0007_0064_0064.jpg 1 7 7 64 64
0815_0037_0020_0056_0056.jpg 1 37 20 56 56
0816_0018_0005_0061_0061.jpg 1 18 5 61 61
0817_0026_0030_0055_0055.jpg 1 26 30 55 55
0818_0051_0046_0027_0027.jpg 1 51 46 27 27
0819_0020_0017_0039_0039.jpg 1 20 17 39 39
0820_0019_0061_0024_0024.jpg 1 19 61 24 24
0821_0025_0027_0063_0063.jpg 1 25 27 63 63
0822_0010_0038_0035_0035.jpg 1 10 38 35 35
0823_0007_0036_0058_0058.jpg 1 7 36 58 58
0824_0018_0005_0064_0064.jpg 1 18 5 64 64
0825_0030_0006_0040_0040.jpg 1 30 6 40 40
0826_0012_0040_0043_0043.jpg 1 12 40 43 43
0827_0033_0055_0035_0035.jpg 1 33 55 35 35
0828_0023_0012_0044_0044.jpg 1 23 12 44 44
0829_0036_0053_0036_0036.jpg 1 36 53 36 36
0830_0023_0004_0069_0069.jpg 1 23 4 69 69
0831_0045_0030_0043_0043.jpg 1 45 30 43 43
0832_0023_0025_0050_0050.jpg 1 23 25 50 50
0833_0037_0042_0031_0031.jpg 1 37 42 31 31
0834_0043_0038_0027_0027.jpg 1 43 38 27 27
0835_0012_0028_0045_0045.jpg 1 12 28 45 45
0836_0024_0006_0060_0060.jpg 1 24 6 60 60
0837_0017_0024_0062_0062.jpg 1 17 24 62 62
0838_0029_0027_0064_0064.jpg 1 29 27 64 64
0839_0042_0013_0039_0039.jpg 1 42 13 39 39
0840_0042_0027_0032_0032.jpg 1 42 27 32 32
0841_0004_0012_0064_0064.jpg 1 4 12 64 64
0842_0032_0037_0045_0045.jpg 1 32 37 45 45
0843_0016_0008_0066_0066.jpg 1 16 8 66 66
0844_0026_0053_0039_0039.jpg 1 26 53 39 39
0845_0030_0033_0059_0059.jpg 1 30 33 59 59
0846_0007_0030_0037_0037.jpg 1 7 30 37 37
0847_0023_0041_0037_0037.jpg 1 23 41 37 37
0848_0028_0013_0032_0032.jpg 1 28 13 32 32
0849_0036_0028_0057_0057.jpg 1 36 28 57 57
0850_0015_0027_0067_0067.jpg 1 15 27 67 67
0851_0017_0008_0068_0068.jpg 1 17 8 68 68
0852_0027_0051_0035_0035.jpg 1 27 51 35 35
0853_0016_0033_0053_0053.jpg 1 16 33 53 53
0854_0024_0042_0034_0034.jpg 1 24 42 34 34
0855_0034_0032_0061_0061.jpg 1 34 32 61 61
0856_0031_0025_0058_0058.jpg 1 31 25 58 58
0857_0006_0022_0068_0068.jpg 1 6 22 68 68
0858_0029_0025_0058_0058.jpg 1 29 25 58 58
0859_0005_0006_0049_0049.jpg 1 5 6 49 49
0860_0015_0053_0030_0030.jpg 1 15 53 30 30
0861_0035_0042_0046_0046.jpg 1 35 42 46 46
0862_0061_0048_0024_0024.jpg 1 61 48 24 24
0863_0010_0029_0056_0056.jpg 1 10 29 56 56
0864_0045_0022_0046_0046.jpg 1 45 22 46 46
0865_0013_0050_0029_0029.jpg 1 13 50 29 29
0866_0014_0014_0045_0045.jpg 1 14 14 45 45
0867_0010_0022_0051_0051.jpg 1 10 22 51 51
0868_0008_0020_0033_0033.jpg 1 8 20 33 33
0869_0018_0033_0034_0034.jpg 1 18 33 34 34
0870_0014_0034_0061_0061.jpg 1 14 34 61 61
0871_0026_0018_0052_0052.jpg 1 26 18 52 52
0872_0046_0037_0046_0046.jpg 1 46 37 46 46
0873_0045_0021_0027_0027.jpg 1 45 21 27 27
0874_0027_0028_0043_0043.jpg 1 27 28 43 43
0875_0037_0054_0026_0026.jpg 1 37 54 26 26
0876_0024_0042_0033_0033.jpg 1 24 42 33 33
0877_0026_0042_0045_0045.jpg 1 26 42 45 45
0878_0016_0012_0068_0068.jpg 1 16 12 68 68
0879_0027_0012_0069_0069.jpg 1 27 12 69 69
0880_0016_0033_0032_0032.jpg 1 16 33 32 32
0881_0037_0038_0046_0046.jpg 1 37 38 46 46
0882_0036_0032_0035_0035.jpg 1 36 32 35 35
0883_0031_0033_0046_0046.jpg 1 31 33 46 46
0884_0005_0028_0065_0065.jpg 1 5 28 65 65
0885_0027_0016_0064_0064.jpg 1 27 16 64 64
0886_0019_0005_0059_0059.jpg 1 19 5 59 59
0887_0039_0047_0043_0043.jpg 1 39 47 43 43
0888_0024_0019_0026_0026.jpg 1 24 19 26 26
0889_0030_0011_0060_0060.jpg 1 30 11 60 60
0890_0008_0018_0069_0069.jpg 1 8 18 69 69
0891_0022_0037_0028_0028.jpg 1 22 37 28 28
0892_0027_0027_0049_0049.jpg 1 27 27 49 49
0893_0015_0050_0042_0042.jpg 1 15 50 42 42
0894_0048_0013_0041_0041.jpg 1 48 13 41 41
0895_0031_0004_0061_0061.jpg 1 31 4 61 61
0896_0012_0011_0065_0065.jpg 1 12 11 65 65
0897_0014_0026_0063_0063.jpg 1 14 26 63 63
0898_0008_0032_0039_0039.jpg 1 8 32 39 39
0899_0048_0019_0039_0039.jpg 1 48 19 39 39
0900_0046_0032_0046_0046.jpg 1 46 32 46 46
0901_0030_0021_0065_0065.jpg 1 30 21 65 65
0902_0036_0017_0027_0027.jpg 1 36 17 27 27
0903_0024_0026_0033_0033.jpg 1 24 26 33 33
0904_0018_0029_0067_0067.jpg 1 18 29 67 67
0905_0011_0045_0034_0034.jpg 1 11 45 34 34
0906_0024_0030_0041_0041.jpg 1 24 30 41 41
0907_0053_0039_0039_0039.jpg 1 53 39 39 39
0908_0011_0025_0039_0039.jpg 1 11 25 39 39
0909_0020_0024_0069_0069.jpg 1 20 24 69 69
0910_0013_0014_0050_0050.jpg 1 13 14 50 50
0911_0009_0012_0053_0053.jpg 1 9 12 53 53
0912_0044_0052_0035_0035.jpg 1 44 52 35 35
0913_0038_0035_0036_0036.jpg 1 38 35 36 36
0914_0015_0027_0059_0059.jpg 1 15 27 59 59
0915_0020_0037_0036_0036.jpg 1 20 37 36 36
0916_0018_0029_0052_0052.jpg 1 18 29 52 52
0917_0034_0027_0046_0046.jpg 1 34 27 46 46
0918_0018_0017_0067_0067.jpg 1 18 17 67 67
0919_0030_0013_0063_0063.jpg 1 30 13 63 63
0920_0017_0018_0049_0049.jpg 1 17 18 49 49
0921_0025_0019_0039_0039.jpg 1 25 19 39 39
0922_0042_0013_0041_0041.jpg 1 42 13 41 41
0923_0040_0041_0040_0040.jpg 1 40 41 40 40
0924_0020_0008_0053_0053.jpg 1 20 8 53 53
0925_0019_0012_0044_0044.jpg 1 19 12 44 44
0926_0017_0016_0067_0067.jpg 1 17 16 67 67
0927_0029_0040_0024_0024.jpg 1 29 40 24 24
0928_0045_0052_0029_0029.jpg 1 45 52 29 29
0929_0018_0029_0053_0053.jpg 1 18 29 53 53
0930_0022_0059_0029_0029.jpg 1 22 59 29 29
0931_0039_0036_0049_0049.jpg 1 39 36 49 49
0932_0059_0056_0032_0032.jpg 1 59 56 32 32
0933_0036_0032_0037_0037.jpg 1 36 32 37 37
0934_0025_0012_0026_0026.jpg 1 25 12 26 26
0935_0045_0061_0026_0026.jpg 1 45 61 26 26
0936_0036_0020_0052_0052.jpg 1 36 20 52 52
0937_0028_0038_0036_0036.jpg 1 28 38 36 36
0938_0010_0039_0045_0045.jpg 1 10 39 45 45
0939_0032_0013_0054_0054.jpg 1 32 13 54 54
0940_0027_0041_0050_0050.jpg 1 27 41 50 50
0941_0036_0021_0035_0035.jpg 1 36 21 35 35
0942_0031_0021_0064_0064.jpg 1 31 21 64 64
0943_0057_0016_0024_0024.jpg 1 57 16 24 24
0944_0034_0008_0027_0027.jpg 1 34 8 27 27
0945_0047_0047_0039_0039.jpg 1 47 47 39 39
0946_0047_0034_0026_0026.jpg 1 47 34 26 26
0947_0015_0034_0047_0047.jpg 1 15 34 47 47
0948_0003_0009_0067_0067.jpg 1 3 9 67 67
0949_0023_0018_0040_0040.jpg 1 23 18 40 40
0950_0034_0017_0054_0054.jpg 1 34 17 54 54
0951_0029_0053_0040_0040.jpg 1 29 53 40 40
0952_0054_0046_0026_0026.jpg 1 54 46 26 26
0953_0029_0030_0037_0037.jpg 1 29 30 37 37
0954_0006_0029_0058_0058.jpg 1 6 29 58 58
0955_0019_0047_0034_0034.jpg 1 19 47 34 34
0956_0007_0011_0069_0069.jpg 1 7 11 69 69
0957_0043_0009_0043_0043.jpg 1 43 9 43 43
0958_0061_0059_0026_0026.jpg 1 61 59 26 26
0959_0019_0023_0036_0036.jpg 1 19 23 36 36
0960_0014_0014_0043_0043.jpg 1 14 14 43 43
0961_0016_0026_0037_0037.jpg 1 16 26 37 37
0962_0048_0015_0041_0041.jpg 1 48 15 41 41
0963_0037_0024_0049_0049.jpg 1 37 24 49 49
0964_0034_0030_0052_0052.jpg 1 34 30 52 52
0965_0035_0039_0037_0037.jpg 1 35 39 37 37
0966_0033_0019_0041_0041.jpg 1 33 19 41 41
0967_0011_0014_0062_0062.jpg 1 11 14 62 62
0968_0036_0020_0056_0056.jpg 1 36 20 56 56
0969_0021_0020_0066_0066.jpg 1 21 20 66 66
0970_0011_0055_0034_0034.jpg 1 11 55 34 34
0971_0030_0032_0037_0037.jpg 1 30 32 37 37
0972_0054_0048_0026_0026.jpg 1 54 48 26 26
0973_0019_0010_0041_0041.jpg 1 19 10 41 41
0974_0059_0064_0025_0025.jpg 1 59 64 25 25
0975_0033_0054_0028_0028.jpg 1 33 54 28 28
0976_0011_0015_0061_0061.jpg 1 11 15 61 61
0977_0044_0022_0028_0028.jpg 1 44 22 28 28
0978_0044_0034_0032_0032.jpg 1 44 34 32 32
0979_0023_0010_0069_0069.jpg 1 23 10 69 69
0980_0023_0007_0040_0040.jpg 1 23 7 40 40
0981_0037_0024_0043_0043.jpg 1 37 24 43 43
0982_0011_0060_0026_0026.jpg 1 11 60 26 26
0983_0034_0042_0029_0029.jpg 1 34 42 29 29
0984_0021_0030_0050_0050.jpg 1 21 30 50 50
0985_0008_0012_0067_0067.jpg 1 8 12 67 67
0986_0024_0033_0039_0039.jpg 1 24 33 39 39
0987_0010_0013_0059_0059.jpg 1 10 13 59 59
0988_0018_0017_0039_0039.jpg 1 18 17 39 39
0989_0062_0023_0028_0028.jpg 1 62 23 28 28
0990_0013_0003_0067_0067.jpg 1 13 3 67 67
0991_0049_0032_0037_0037.jpg 1 49 32 37 37
0992_0037_0024_0043_0043.jpg 1 37 24 43 43
0993_0009_0005_0067_0067.jpg 1 9 5 67 67
0994_0034_0053_0025_0025.jpg 1 34 53 25 25
0995_0019_0009_0059_0059.jpg 1 19 9 59 59
0996_0018_0017_0065_0065.jpg 1 18 17 65 65
0997_0021_0024_0025_0025.jpg 1 21 24 25 25
0998_0049_0043_0032_0032.jpg 1 49 43 32 32
0999_0011_0026_0068_0068.jpg 1 11 26 68 68
1000_0023_0010_0028_0028.jpg 1 23 10 28 28
1001_0033_0011_0042_0042.jpg 1 33 11 42 42
1002_0031_0046_0044_0044.jpg 1 31 46 44 44
1003_0046_0041_0038_0038.jpg 1 46 41 38 38
1004_0034_0034_0033_0033.jpg 1 34 34 33 33
1005_0015_0005_0058_0058.jpg 1 15 5 58 58
1006_0035_0030_0046_0046.jpg 1 35 30 46 46
1007_0015_0027_0065_0065.jpg 1 15 27 65 65
1008_0028_0031_0064_0064.jpg 1 28 31 64 64
1009_0024_0024_0067_0067.jpg 1 24 24 67 67
1010_0031_0044_0041_0041.jpg 1 31 44 41 41
1011_0014_0011_0054_0054.jpg 1 14 11 54 54
1012_0009_0009_0061_0061.jpg 1 9 9 61 61
1013_0025_0051_0029_0029.jpg 1 25 51 29 29
1014_0040_0017_0034_0034.jpg 1 40 17 34 34
1015_0006_0028_0052_0052.jpg 1 6 28 52 52
1016_0010_0007_0061_0061.jpg 1 10 7 61 61
1017_0062_0050_0027_0027.jpg 1 62 50 27 27
1018_0028_0013_0050_0050.jpg 1 28 13 50 50
1019_0031_0048_0024_0024.jpg 1 31 48 24 24
1020_0021_0030_0053_0053.jpg 1 21 30 53 53
1021_0016_0035_0038_0038.jpg 1 16 35 38 38
1022_0035_0046_0034_0034.jpg 1 35 46 34 34
1023_0006_0027_0069_0069.jpg 1 6 27 69 69
1024_0030_0044_0037_0037.jpg 1 30 44 37 37
1025_0013_0025_0066_0066.jpg 1 13 25 66 66
1026_0050_0049_0025_0025.jpg 1 50 49 25 25
1027_0025_0014_0059_0059.jpg 1 25 14 59 59
1028_0032_0032_0035_0035.jpg 1 32 32 35 35
1029_0009_0023_0064_0064.jpg 1 9 23 64 64
1030_0008_0012_0066_0066.jpg 1 8 12 66 66
1031_0011_0032_0062_0062.jpg 1 11 32 62 62
1032_0026_0019_0053_0053.jpg 1 26 19 53 53
1033_0023_0005_0063_0063.jpg 1 23 5 63 63
1034_0016_0038_0028_0028.jpg 1 16 38 28 28
1035_0009_0036_0034_0034.jpg 1 9 36 34 34
1036_0021_0036_0058_0058.jpg 1 21 36 58 58
1037_0028_0055_0030_0030.jpg 1 28 55 30 30
1038_0054_0061_0027_0027.jpg 1 54 61 27 27
1039_0029_0012_0067_0067.jpg 1 29 12 67 67
1040_0011_0017_0048_0048.jpg 1 11 17 48 48
1041_0012_0044_0046_0046.jpg 1 12 44 46 46
1042_0021_0046_0029_0029.jpg 1 21 46 29 29
1043_0021_0033_0051_0051.jpg 1 21 33 51 51
1044_0028_0014_0062_0062.jpg 1 28 14 62 62
1045_0014_0027_0059_0059.jpg 1 14 27 59 59
1046_0023_0009_0062_0062.jpg 1 23 9 62 62
1047_0021_0025_0061_0061.jpg 1 21 25 61 61
1048_0015_0031_0061_0061.jpg 1 15 31 61 61
1049_0048_0042_0046_0046.jpg 1 48 42 46 46
1050_0008_0025_0062_0062.jpg 1 8 25 62 62
1051_0050_0054_0024_0024.jpg 1 50 54 24 24
1052_0060_0018_0026_0026.jpg 1 60 18 26 26
1053_0007_0030_0040_0040.jpg 1 7 30 40 40
1054_0040_0043_0049_0049.jpg 1 40 43 49 49
1055_0026_0035_0043_0043.jpg 1 26 35 43 43
1056_0033_0031_0059_0059.jpg 1 33 31 59 59
1057_0037_0012_0056_0056.jpg 1 37 12 56 56
1058_0007_0023_0066_0066.jpg 1 7 23 66 66
1059_0058_0026_0034_0034.jpg 1 58 26 34 34
1060_0027_0013_0067_0067.jpg 1 27 13 67 67
1061_0021_0020_0064_0064.jpg 1 21 20 64 64
1062_0005_0031_0063_0063.jpg 1 5 31 63 63
1063_0050_0042_0040_0040.jpg 1 50 42 40 40
1064_0008_0008_0028_0028.jpg 1 8 8 28 28
1065_0045_0039_0034_0034.jpg 1 45 39 34 34
1066_0030_0011_0054_0054.jpg 1 30 11 54 54
1067_0020_0025_0043_0043.jpg 1 20 25 43 43
1068_0015_0027_0059_0059.jpg 1 15 27 59 59
1069_0012_0025_0051_0051.jpg 1 12 25 51 51
1070_0039_0019_0037_0037.jpg 1 39 19 37 37
1071_0034_0020_0046_0046.jpg 1 34 20 46 46
1072_0023_0042_0039_0039.jpg 1 23 42 39 39
1073_0010_0037_0027_0027.jpg 1 10 37 27 27
1074_0030_0051_0042_0042.jpg 1 30 51 42 42
1075_0019_0016_0061_0061.jpg 1 19 16 61 61
1076_0024_0019_0068_0068.jpg 1 24 19 68 68
1077_0009_0031_0034_0034.jpg 1 9 31 34 34
1078_0014_0041_0040_0040.jpg 1 14 41 40 40
1079_0023_0035_0054_0054.jpg 1 23 35 54 54
1080_0008_0010_0055_0055.jpg 1 8 10 55 55
1081_0021_0050_0041_0041.jpg 1 21 50 41 41
1082_0036_0048_0044_0044.jpg 1 36 48 44 44
1083_0007_0007_0060_0060.jpg 1 7 7 60 60
1084_0040_0036_0032_0032.jpg 1 40 36 32 32
1085_0021_0044_0038_0038.jpg 1 21 44 38 38
1086_0034_0057_0025_0025.jpg 1 34 57 25 25
1087_0023_0051_0041_0041.jpg 1 23 51 41 41
1088_0008_0036_0039_0039.jpg 1 8 36 39 39
1089_0026_0003_0069_0069.jpg 1 26 3 69 69
1090_0011_0018_0067_0067.jpg 1 11 18 67 67
1091_0037_0033_0041_0041.jpg 1 37 33 41 41
1092_0010_0013_0061_0061.jpg 1 10 13 61 61
1093_0033_0046_0043_0043.jpg 1 33 46 43 43
1094_0015_0015_0067_0067.jpg 1 15 15 67 67
1095_0011_0016_0039_0039.jpg 1 11 16 39 39
1096_0023_0020_0064_0064.jpg 1 23 20 64 64
1097_0018_0023_0056_0056.jpg 1 18 23 56 56
1098_0023_0022_0047_0047.jpg 1 23 22 47 47
1099_0013_0022_0058_0058.jpg 1 13 22 58 58
1100_0023_0010_0042_0042.jpg 1 23 10 42 42
1101_0025_0008_0069_0069.jpg 1 25 8 69 69
1102_0042_0037_0028_0028.jpg 1 42 37 28 28
1103_0033_0035_0049_0049.jpg 1 33 35 49 49
1104_0050_0035_0038_0038.jpg 1 50 35 38 38
1105_0010_0021_0059_0059.jpg 1 10 21 59 59
1106_0030_0053_0035_0035.jpg 1 30 53 35 35
1107_0044_0016_0033_0033.jpg 1 44 16 33 33
1108_0019_0012_0066_0066.jpg 1 19 12 66 66
1109_0040_0008_0034_0034.jpg 1 40 8 34 34
1110_0042_0036_0046_0046.jpg 1 42 36 46 46
1111_0025_0009_0035_0035.jpg 1 25 9 35 35
1112_0016_0014_0068_0068.jpg 1 16 14 68 68
1113_0016_0027_0064_0064.jpg 1 16 27 64 64
1114_0055_0029_0031_0031.jpg 1 55 29 31 31
1115_0030_0042_0045_0045.jpg 1 30 42 45 45
1116_0040_0051_0034_0034.jpg 1 40 51 34 34
1117_0025_0037_0042_0042.jpg 1 25 37 42 42
1118_0053_0024_0035_0035.jpg 1 53 24 35 35
1119_0027_0006_0049_0049.jpg 1 27 6 49 49
1120_0037_0043_0041_0041.jpg 1 37 43 41 41
1121_0006_0022_0059_0059.jpg 1 6 22 59 59
1122_0009_0024_0058_0058.jpg 1 9 24 58 58
1123_0016_0041_0026_0026.jpg 1 16 41 26 26
1124_0003_0013_0063_0063.jpg 1 3 13 63 63
1125_0035_0017_0024_0024.jpg 1 35 17 24 24
1126_0011_0015_0067_0067.jpg 1 11 15 67 67
1127_0052_0016_0039_0039.jpg 1 52 16 39 39
1128_0045_0036_0027_0027.jpg 1 45 36 27 27
1129_0038_0029_0035_0035.jpg 1 38 29 35 35
1130_0031_0007_0046_0046.jpg 1 31 7 46 46
1131_0009_0027_0059_0059.jpg 1 9 27 59 59
1132_0018_0014_0038_0038.jpg 1 18 14 38 38
1133_0017_0030_0062_0062.jpg 1 17 30 62 62
1134_0007_0035_0058_0058.jpg 1 7 35 58 58
1135_0007_0014_0048_0048.jpg 1 7 14 48 48
1136_0029_0004_0065_0065.jpg 1 29 4 65 65
1137_0015_0031_0049_0049.jpg 1 15 31 49 49
1138_0044_0053_0032_0032.jpg 1 44 53 32 32
1139_0025_0037_0030_0030.jpg 1 25 37 30 30
1140_0045_0051_0041_0041.jpg 1 45 51 41 41
1141_0029_0019_0063_0063.jpg 1 29 19 63 63
1142_0035_0011_0029_0029.jpg 1 35 11 29 29
1143_0029_0027_0053_0053.jpg 1 29 27 53 53
1144_0024_0019_0039_0039.jpg 1 24 19 39 39
1145_0013_0006_0054_0054.jpg 1 13 6 54 54
1146_0024_0012_0054_0054.jpg 1 24 12 54 54
1147_0015_0018_0029_0029.jpg 1 15 18 29 29
1148_0028_0042_0049_0049.jpg 1 28 42 49 49
1149_0033_0014_0043_0043.jpg 1 33 14 43 43
1150_0015_0042_0046_0046.jpg 1 15 42 46 46
1151_0022_0032_0047_0047.jpg 1 22 32 47 47
1152_0014_0058_0032_0032.jpg 1 14 58 32 32
1153_0025_0011_0059_0059.jpg 1 25 11 59 59
1154_0043_0039_0027_0027.jpg 1 43 39 27 27
1155_0015_0006_0066_0066.jpg 1 15 6 66 66
1156_0040_0052_0036_0036.jpg 1 40 52 36 36
1157_0006_0050_0036_0036.jpg 1 6 50 36 36
1158_0019_0014_0036_0036.jpg 1 19 14 36 36
1159_0034_0029_0042_0042.jpg 1 34 29 42 42
1160_0034_0039_0052_0052.jpg 1 34 39 52 52
1161_0007_0031_0064_0064.jpg 1 7 31 64 64
1162_0034_0050_0040_0040.jpg 1 34 50 40 40
1163_0008_0031_0054_0054.jpg 1 8 31 54 54
1164_0020_0027_0032_0032.jpg 1 20 27 32 32
1165_0017_0048_0027_0027.jpg 1 17 48 27 27
1166_0012_0031_0045_0045.jpg 1 12 31 45 45
1167_0051_0044_0042_0042.jpg 1 51 44 42 42
1168_0031_0034_0055_0055.jpg 1 31 34 55 55
1169_0056_0025_0034_0034.jpg 1 56 25 34 34
1170_0009_0049_0038_0038.jpg 1 9 49 38 38
1171_0027_0018_0067_0067.jpg 1 27 18 67 67
1172_0012_0008_0056_0056.jpg 1 12 8 56 56
1173_0016_0046_0042_0042.jpg 1 16 46 42 42
1174_0049_0032_0039_0039.jpg 1 49 32 39 39
1175_0023_0025_0063_0063.jpg 1 23 25 63 63
1176_0021_0008_0061_0061.jpg 1 21 8 61 61
1177_0014_0021_0069_0069.jpg 1 14 21 69 69
1178_0044_0017_0046_0046.jpg 1 44 17 46 46
1179_0017_0042_0050_0050.jpg 1 17 42 50 50
1180_0011_0039_0047_0047.jpg 1 11 39 47 47
1181_0030_0028_0063_0063.jpg 1 30 28 63 63
1182_0028_0017_0039_0039.jpg 1 28 17 39 39
1183_0019_0025_0043_0043.jpg 1 19 25 43 43
1184_0019_0041_0050_0050.jpg 1 19 41 50 50
1185_0034_0044_0038_0038.jpg 1 34 44 38 38
1186_0026_0009_0036_0036.jpg 1 26 9 36 36
1187_0023_0020_0068_0068.jpg 1 23 20 68 68
1188_0035_0044_0029_0029.jpg 1 35 44 29 29
1189_0047_0010_0042_0042.jpg 1 47 10 42 42
1190_0010_0022_0051_0051.jpg 1 10 22 51 51
1191_0021_0010_0064_0064.jpg 1 21 10 64 64
1192_0044_0022_0024_0024.jpg 1 44 22 24 24
1193_0022_0012_0068_0068.jpg 1 22 12 68 68
1194_0007_0008_0066_0066.jpg 1 7 8 66 66
1195_0008_0032_0062_0062.jpg 1 8 32 62 62
1196_0044_0053_0041_0041.jpg 1 44 53 41 41
1197_0046_0015_0024_0024.jpg 1 46 15 24 24
1198_0014_0037_0048_0048.jpg 1 14 37 48 48
1199_0015_0023_0063_0063.jpg 1 15 23 63 63
1200_0036_0031_0049_0049.jpg 1 36 31 49 49
1201_0008_0016_0067_0067.jpg 1 8 16 67 67
1202_0014_0047_0043_0043.jpg 1 14 47 43 43
1203_0035_0010_0054_0054.jpg 1 35 10 54 54
1204_0009_0042_0045_0045.jpg 1 9 42 45 45
1205_0011_0049_0030_0030.jpg 1 11 49 30 30
1206_0036_0023_0050_0050.jpg 1 36 23 50 50
1207_0043_0014_0042_0042.jpg 1 43 14 42 42
1208_0011_0030_0042_0042.jpg 1 11 30 42 42
1209_0042_0032_0048_0048.jpg 1 42 32 48 48
1210_0014_0010_0043_0043.jpg 1 14 10 43 43
1211_0027_0042_0029_0029.jpg 1 27 42 29 29
1212_0014_0015_0024_0024.jpg 1 14 15 24 24
1213_0018_0045_0035_0035.jpg 1 18 45 35 35
1214_0027_0035_0046_0046.jpg 1 27 35 46 46
1215_0016_0034_0061_0061.jpg 1 16 34 61 61
1216_0021_0032_0056_0056.jpg 1 21 32 56 56
1217_0006_0015_0060_0060.jpg 1 6 15 60 60
1218_0039_0031_0036_0036.jpg 1 39 31 36 36
1219_0032_0025_0026_0026.jpg 1 32 25 26 26
1220_0027_0032_0061_0061.jpg 1 27 32 61 61
1221_0028_0020_0065_0065.jpg 1 28 20 65 65
1222_0025_0052_0032_0032.jpg 1 25 52 32 32
1223_0039_0043_0048_0048.jpg 1 39 43 48 48
1224_0032_0010_0055_0055.jpg 1 32 10 55 55
1225_0012_0022_0069_0069.jpg 1 12 22 69 69
1226_0008_0040_0032_0032.jpg 1 8 40 32 32
1227_0061_0020_0025_0025.jpg 1 61 20 25 25
1228_0014_0012_0044_0044.jpg 1 14 12 44 44
1229_0039_0031_0039_0039.jpg 1 39 31 39 39
1230_0027_0011_0061_0061.jpg 1 27 11 61 61
1231_0008_0043_0024_0024.jpg 1 8 43 24 24
1232_0049_0047_0034_0034.jpg 1 49 47 34 34
1233_0042_0031_0039_0039.jpg 1 42 31 39 39
1234_0017_0009_0065_0065.jpg 1 17 9 65 65
1235_0025_0048_0032_0032.jpg 1 25 48 32 32
1236_0028_0009_0055_0055.jpg 1 28 9 55 55
1237_0027_0011_0051_0051.jpg 1 27 11 51 51
1238_0029_0028_0048_0048.jpg 1 29 28 48 48
1239_0009_0035_0024_0024.jpg 1 9 35 24 24
1240_0062_0010_0030_0030.jpg 1 62 10 30 30
1241_0010_0030_0061_0061.jpg 1 10 30 61 61
1242_0020_0016_0056_0056.jpg 1 20 16 56 56
1243_0015_0026_0060_0060.jpg 1 15 26 60 60
1244_0020_0046_0029_0029.jpg 1 20 46 29 29
1245_0044_0045_0031_0031.jpg 1 44 45 31 31
1246_0013_0007_0069_0069.jpg 1 13 7 69 69
1247_0021_0018_0062_0062.jpg 1 21 18 62 62
1248_0016_0043_0048_0048.jpg 1 16 43 48 48
1249_0007_0006_0068_0068.jpg 1 7 6 68 68
1250_0011_0012_0029_0029.jpg 1 11 12 29 29
1251_0012_0045_0041_0041.jpg 1 12 45 41 41
1252_0027_0029_0042_0042.jpg 1 27 29 42 42
1253_0026_0040_0038_0038.jpg 1 26 40 38 38
1254_0020_0036_0047_0047.jpg 1 20 36 47 47
1255_0019_0054_0036_0036.jpg 1 19 54 36 36
1256_0027_0022_0065_0065.jpg 1 27 22 65 65
1257_0024_0008_0063_0063.jpg 1 24 8 63 63
1258_0008_0043_0043_0043.jpg 1 8 43 43 43
1259_0004_0037_0054_0054.jpg 1 4 37 54 54
1260_0012_0010_0025_0025.jpg 1 12 10 25 25
1261_0007_0006_0062_0062.jpg 1 7 6 62 62
1262_0039_0024_0056_0056.jpg 1 39 24 56 56
1263_0066_0020_0026_0026.jpg 1 66 20 26 26
1264_0027_0004_0059_0059.jpg 1 27 4 59 59
1265_0029_0027_0064_0064.jpg 1 29 27 64 64
1266_0036_0043_0051_0051.jpg 1 36 43 51 51
1267_0042_0034_0041_0041.jpg 1 42 34 41 41
1268_0026_0020_0068_0068.jpg 1 26 20 68 68
1269_0048_0036_0029_0029.jpg 1 48 36 29 29
1270_0025_0012_0066_0066.jpg 1 25 12 66 66
1271_0020_0019_0056_0056.jpg 1 20 19 56 56
1272_0032_0029_0052_0052.jpg 1 32 29 52 52
1273_0028_0023_0053_0053.jpg 1 28 23 53 53
1274_0054_0018_0038_0038.jpg 1 54 18 38 38
1275_0015_0033_0025_0025.jpg 1 15 33 25 25
1276_0018_0010_0069_0069.jpg 1 18 10 69 69
1277_0013_0017_0051_0051.jpg 1 13 17 51 51
1278_0024_0036_0040_0040.jpg 1 24 36 40 40
1279_0011_0028_0068_0068.jpg 1 11 28 68 68
1280_0032_0004_0062_0062.jpg 1 32 4 62 62
1281_0031_0049_0033_0033.jpg 1 31 49 33 33
1282_0037_0033_0056_0056.jpg 1 37 33 56 56
1283_0024_0041_0053_0053.jpg 1 24 41 53 53
1284_0018_0019_0034_0034.jpg 1 18 19 34 34
1285_0004_0006_0056_0056.jpg 1 4 6 56 56
1286_0017_0042_0027_0027.jpg 1 17 42 27 27
1287_0019_0026_0056_0056.jpg 1 19 26 56 56
1288_0006_0045_0041_0041.jpg 1 6 45 41 41
1289_0021_0010_0063_0063.jpg 1 21 10 63 63
1290_0019_0028_0048_0048.jpg 1 19 28 48 48
1291_0044_0011_0043_0043.jpg 1 44 11 43 43
1292_0019_0027_0052_0052.jpg 1 19 27 52 52
1293_0020_0010_0048_0048.jpg 1 20 10 48 48
1294_0045_0031_0033_0033.jpg 1 45 31 33 33
1295_0034_0020_0057_0057.jpg 1 34 20 57 57
1296_0040_0027_0036_0036.jpg 1 40 27 36 36
1297_0049_0024_0030_0030.jpg 1 49 24 30 30
1298_0015_0014_0057_0057.jpg 1 15 14 57 57
1299_0028_0030_0049_0049.jpg 1 28 30 49 49
1300_0008_0015_0066_0066.jpg 1 8 15 66 66
1301_0030_0015_0053_0053.jpg 1 30 15 53 53
1302_0017_0015_0052_0052.jpg 1 17 15 52 52
1303_0027_0026_0052_0052.jpg 1 27 26 52 52
1304_0022_0021_0063_0063.jpg 1 22 21 63 63
1305_0043_0051_0032_0032.jpg 1 43 51 32 32
1306_0011_0009_0034_0034.jpg 1 11 9 34 34
1307_0026_0047_0047_0047.jpg 1 26 47 47 47
1308_0042_0040_0029_0029.jpg 1 42 40 29 29
1309_0012_0025_0057_0057.jpg 1 12 25 57 57
1310_0030_0033_0046_0046.jpg 1 30 33 46 46
1311_0031_0027_0064_0064.jpg 1 31 27 64 64
1312_0013_0054_0025_0025.jpg 1 13 54 25 25
1313_0008_0021_0042_0042.jpg 1 8 21 42 42
1314_0017_0023_0053_0053.jpg 1 17 23 53 53
1315_0037_0028_0049_0049.jpg 1 37 28 49 49
1316_0028_0034_0050_0050.jpg 1 28 34 50 50
1317_0034_0044_0047_0047.jpg 1 34 44 47 47
1318_0027_0046_0026_0026.jpg 1 27 46 26 26
1319_0033_0018_0049_0049.jpg 1 33 18 49 49
1320_0043_0008_0050_0050.jpg 1 43 8 50 50
1321_0033_0009_0031_0031.jpg 1 33 9 31 31
1322_0014_0037_0058_0058.jpg 1 14 37 58 58
1323_0006_0026_0063_0063.jpg 1 6 26 63 63
1324_0018_0005_0059_0059.jpg 1 18 5 59 59
1325_0011_0026_0040_0040.jpg 1 11 26 40 40
1326_0026_0017_0060_0060.jpg 1 26 17 60 60
1327_0030_0032_0058_0058.jpg 1 30 32 58 58
1328_0059_0009_0028_0028.jpg 1 59 9 28 28
1329_0037_0015_0058_0058.jpg 1 37 15 58 58
1330_0033_0030_0062_0062.jpg 1 33 30 62 62
1331_0010_0043_0048_0048.jpg 1 10 43 48 48
1332_0021_0030_0060_0060.jpg 1 21 30 60 60
1333_0023_0006_0059_0059.jpg 1 23 6 59 59
1334_0024_0050_0041_0041.jpg 1 24 50 41 41
1335_0048_0034_0031_0031.jpg 1 48 34 31 31
1336_0046_0059_0032_0032.jpg 1 46 59 32 32
1337_0044_0027_0039_0039.jpg 1 44 27 39 39
1338_0052_0012_0037_0037.jpg 1 52 12 37 37
1339_0011_0004_0060_0060.jpg 1 11 4 60 60
1340_0029_0029_0066_0066.jpg 1 29 29 66 66
1341_0024_0033_0043_0043.jpg 1 24 33 43 43
1342_0037_0027_0042_0042.jpg 1 37 27 42 42
1343_0022_0037_0047_0047.jpg 1 22 37 47 47
1344_0053_0008_0034_0034.jpg 1 53 8 34 34
1345_0012_0006_0056_0056.jpg 1 12 6 56 56
1346_0007_0019_0062_0062.jpg 1 7 19 62 62
1347_0004_0005_0054_0054.jpg 1 4 5 54 54
1348_0047_0040_0043_0043.jpg 1 47 40 43 43
1349_0010_0006_0067_0067.jpg 1 10 6 67 67
1350_0003_0021_0067_0067.jpg 1 3 21 67 67
1351_0018_0041_0024_0024.jpg 1 18 41 24 24
1352_0041_0037_0049_0049.jpg 1 41 37 49 49
1353_0028_0019_0059_0059.jpg 1 28 19 59 59
1354_0011_0030_0054_0054.jpg 1 11 30 54 54
1355_0015_0019_0034_0034.jpg 1 15 19 34 34
1356_0011_0029_0046_0046.jpg 1 11 29 46 46
1357_0006_0018_0054_0054.jpg 1 6 18 54 54
1358_0046_0039_0026_0026.jpg 1 46 39 26 26
1359_0041_0035_0033_0033.jpg 1 41 35 33 33
1360_0011_0013_0054_0054.jpg 1 11 13 54 54
1361_0022_0015_0033_0033.jpg 1 22 15 33 33
1362_0016_0017_0036_0036.jpg 1 16 17 36 36
1363_0005_0005_0065_0065.jpg 1 5 5 65 65
1364_0022_0027_0064_0064.jpg 1 22 27 64 64
1365_0009_0007_0062_0062.jpg 1 9 7 62 62
1366_0054_0030_0024_0024.jpg 1 54 30 24 24
1367_0032_0011_0061_0061.jpg 1 32 11 61 61
1368_0024_0011_0042_0042.jpg 1 24 11 42 42
1369_0040_0034_0043_0043.jpg 1 40 34 43 43
1370_0016_0026_0036_0036.jpg 1 16 26 36 36
1371_0023_0060_0030_0030.jpg 1 23 60 30 30
1372_0023_0027_0047_0047.jpg 1 23 27 47 47
1373_0053_0050_0026_0026.jpg 1 53 50 26 26
1374_0008_0030_0062_0062.jpg 1 8 30 62 62
1375_0010_0022_0063_0063.jpg 1 10 22 63 63
1376_0061_0032_0030_0030.jpg 1 61 32 30 30
1377_0033_0008_0049_0049.jpg 1 33 8 49 49
1378_0044_0034_0032_0032.jpg 1 44 34 32 32
1379_0028_0011_0068_0068.jpg 1 28 11 68 68
1380_0021_0016_0063_0063.jpg 1 21 16 63 63
1381_0005_0038_0057_0057.jpg 1 5 38 57 57
1382_0017_0043_0040_0040.jpg 1 17 43 40 40
1383_0003_0006_0065_0065.jpg 1 3 6 65 65
1384_0043_0019_0027_0027.jpg 1 43 19 27 27
1385_0034_0014_0061_0061.jpg 1 34 14 61 61
1386_0009_0005_0052_0052.jpg 1 9 5 52 52
1387_0017_0031_0063_0063.jpg 1 17 31 63 63
1388_0056_0015_0033_0033.jpg 1 56 15 33 33
1389_0009_0018_0055_0055.jpg 1 9 18 55 55
1390_0014_0023_0066_0066.jpg 1 14 23 66 66
1391_0032_0044_0034_0034.jpg 1 32 44 34 34
1392_0041_0045_0045_0045.jpg 1 41 45 45 45
1393_0012_0060_0028_0028.jpg 1 12 60 28 28
1394_0026_0009_0028_0028.jpg 1 26 9 28 28
1395_0013_0025_0067_0067.jpg 1 13 25 67 67
1396_0020_0016_0053_0053.jpg 1 20 16 53 53
1397_0037_0016_0057_0057.jpg 1 37 16 57 57
1398_0048_0028_0045_0045.jpg 1 48 28 45 45
1399_0033_0021_0060_0060.jpg 1 33 21 60 60
1400_0014_0023_0024_0024.jpg 1 14 23 24 24
1401_0033_0019_0057_0057.jpg 1 33 19 57 57
1402_0030_0018_0053_0053.jpg 1 30 18 53 53
1403_0017_0014_0027_0027.jpg 1 17 14 27 27
1404_0015_0008_0066_0066.jpg 1 15 8 66 66
1405_0033_0033_0049_0049.jpg 1 33 33 49 49
1406_0030_0020_0036_0036.jpg 1 30 20 36 36
1407_0005_0021_0057_0057.jpg 1 5 21 57 57
1408_0021_0019_0032_0032.jpg 1 21 19 32 32
1409_0049_0038_0028_0028.jpg 1 49 38 28 28
1410_0028_0057_0028_0028.jpg 1 28 57 28 28
1411_0030_0031_0062_0062.jpg 1 30 31 62 62
1412_0018_0030_0056_0056.jpg 1 18 30 56 56
1413_0026_0016_0067_0067.jpg 1 26 16 67 67
1414_0020_0029_0045_0045.jpg 1 20 29 45 45
1415_0041_0044_0047_0047.jpg 1 41 44 47 47
1416_0021_0010_0063_0063.jpg 1 21 10 63 63
1417_0010_0040_0047_0047.jpg 1 10 40 47 47
1418_0037_0020_0047_0047.jpg 1 37 20 47 47
1419_0036_0027_0059_0059.jpg 1 36 27 59 59
1420_0018_0045_0026_0026.jpg 1 18 45 26 26
1421_0013_0024_0030_0030.jpg 1 13 24 30 30
1422_0042_0037_0038_0038.jpg 1 42 37 38 38
1423_0022_0012_0025_0025.jpg 1 22 12 25 25
1424_0019_0013_0057_0057.jpg 1 19 13 57 57
1425_0021_0049_0035_0035.jpg 1 21 49 35 35
1426_0004_0008_0067_0067.jpg 1 4 8 67 67
1427_0015_0033_0058_0058.jpg 1 15 33 58 58
1428_0028_0011_0034_0034.jpg 1 28 11 34 34
1429_0032_0025_0056_0056.jpg 1 32 25 56 56
1430_0040_0037_0030_0030.jpg 1 40 37 30 30
1431_0025_0022_0050_0050.jpg 1 25 22 50 50
1432_0027_0011_0069_0069.jpg 1 27 11 69 69
1433_0032_0016_0061_0061.jpg 1 32 16 61 61
1434_0019_0037_0032_0032.jpg 1 19 37 32 32
1435_0057_0017_0035_0035.jpg 1 57 17 35 35
1436_0049_0051_0032_0032.jpg 1 49 51 32 32
1437_0026_0015_0068_0068.jpg 1 26 15 68 68
1438_0015_0051_0026_0026.jpg 1 15 51 26 26
1439_0056_0050_0037_0037.jpg 1 56 50 37 37
1440_0030_0011_0057_0057.jpg 1 30 11 57 57
1441_0052_0046_0026_0026.jpg 1 52 46 26 26
1442_0007_0020_0060_0060.jpg 1 7 20 60 60
1443_0057_0056_0036_0036.jpg 1 57 56 36 36
1444_0045_0044_0046_0046.jpg 1 45 44 46 46
1445_0041_0014_0045_0045.jpg 1 41 14 45 45
1446_0039_0026_0042_0042.jpg 1 39 26 42 42
1447_0030_0025_0059_0059.jpg 1 30 25 59 59
1448_0046_0020_0025_0025.jpg 1 46 20 25 25
1449_0041_0048_0038_0038.jpg 1 41 48 38 38
1450_0029_0018_0037_0037.jpg 1 29 18 37 37
1451_0045_0038_0049_0049.jpg 1 45 38 49 49
1452_0036_0021_0035_0035.jpg 1 36 21 35 35
1453_0032_0045_0044_0044.jpg 1 32 45 44 44
1454_0014_0021_0058_0058.jpg 1 14 21 58 58
1455_0046_0012_0042_0042.jpg 1 46 12 42 42
1456_0023_0043_0043_0043.jpg 1 23 43 43 43
1457_0012_0030_0024_0024.jpg 1 12 30 24 24
1458_0046_0044_0039_0039.jpg 1 46 44 39 39
1459_0024_0019_0028_0028.jpg 1 24 19 28 28
1460_0037_0014_0045_0045.jpg 1 37 14 45 45
1461_0046_0045_0038_0038.jpg 1 46 45 38 38
1462_0010_0008_0065_0065.jpg 1 10 8 65 65
1463_0027_0028_0040_0040.jpg 1 27 28 40 40
1464_0051_0051_0039_0039.jpg 1 51 51 39 39
1465_0027_0003_0068_0068.jpg 1 27 3 68 68
1466_0027_0029_0047_0047.jpg 1 27 29 47 47
1467_0037_0051_0028_0028.jpg 1 37 51 28 28
1468_0023_0032_0042_0042.jpg 1 23 32 42 42
1469_0026_0013_0049_0049.jpg 1 26 13 49 49
1470_0034_0015_0057_0057.jpg 1 34 15 57 57
1471_0007_0017_0068_0068.jpg 1 7 17 68 68
1472_0022_0033_0026_0026.jpg 1 22 33 26 26
1473_0022_0016_0043_0043.jpg 1 22 16 43 43
1474_0039_0018_0029_0029.jpg 1 39 18 29 29
1475_0026_0028_0067_0067.jpg 1 26 28 67 67
1476_0038_0024_0048_0048.jpg 1 38 24 48 48
1477_0020_0004_0068_0068.jpg 1 20 4 68 68
1478_0052_0022_0035_0035.jpg 1 52 22 35 35
1479_0029_0010_0034_0034.jpg 1 29 10 34 34
1480_0020_0021_0060_0060.jpg 1 20 21 60 60
1481_0015_0035_0035_0035.jpg 1 15 35 35 35
1482_0057_0035_0026_0026.jpg 1 57 35 26 26
1483_0013_0033_0046_0046.jpg 1 13 33 46 46
1484_0049_0007_0045_0045.jpg 1 49 7 45 45
1485_0032_0030_0056_0056.jpg 1 32 30 56 56
1486_0050_0031_0035_0035.jpg 1 50 31 35 35
1487_0027_0028_0064_0064.jpg 1 27 28 64 64
1488_0040_0032_0044_0044.jpg 1 40 32 44 44
1489_0004_0011_0064_0064.jpg 1 4 11 64 64
1490_0026_0029_0031_0031.jpg 1 26 29 31 31
1491_0006_0019_0057_0057.jpg 1 6 19 57 57
1492_0022_0054_0032_0032.jpg 1 22 54 32 32
1493_0048_0011_0045_0045.jpg 1 48 11 45 45
1494_0057_0024_0033_0033.jpg 1 57 24 33 33
1495_0033_0008_0036_0036.jpg 1 33 8 36 36
1496_0011_0010_0067_0067.jpg 1 11 10 67 67
1497_0059_0047_0031_0031.jpg 1 59 47 31 31
1498_0056_0023_0031_0031.jpg 1 56 23 31 31
1499_0022_0011_0062_0062.jpg 1 22 11 62 62
1500_0056_0015_0033_0033.jpg 1 56 15 33 33
1501_0027_0026_0061_0061.jpg 1 27 26 61 61
1502_0037_0046_0040_0040.jpg 1 37 46 40 40
1503_0024_0026_0026_0026.jpg 1 24 26 26 26
1504_0045_0005_0048_0048.jpg 1 45 5 48 48
1505_0027_0031_0053_0053.jpg 1 27 31 53 53
1506_0005_0035_0049_0049.jpg 1 5 35 49 49
1507_0052_0030_0028_0028.jpg 1 52 30 28 28
1508_0005_0025_0066_0066.jpg 1 5 25 66 66
1509_0025_0014_0032_0032.jpg 1 25 14 32 32
1510_0038_0009_0057_0057.jpg 1 38 9 57 57
1511_0033_0014_0046_0046.jpg 1 33 14 46 46
1512_0009_0039_0028_0028.jpg 1 9 39 28 28
1513_0005_0028_0049_0049.jpg 1 5 28 49 49
1514_0012_0034_0028_0028.jpg 1 12 34 28 28
1515_0029_0005_0059_0059.jpg 1 29 5 59 59
1516_0049_0029_0027_0027.jpg 1 49 29 27 27
1517_0028_0028_0057_0057.jpg 1 28 28 57 57
1518_0050_0018_0037_0037.jpg 1 50 18 37 37
1519_0023_0045_0040_0040.jpg 1 23 45 40 40
1520_0037_0034_0057_0057.jpg 1 37 34 57 57
1521_0043_0025_0048_0048.jpg 1 43 25 48 48
1522_0014_0015_0051_0051.jpg 1 14 15 51 51
1523_0031_0035_0055_0055.jpg 1 31 35 55 55
1524_0040_0044_0037_0037.jpg 1 40 44 37 37
1525_0011_0063_0029_0029.jpg 1 11 63 29 29
1526_0025_0022_0056_0056.jpg 1 25 22 56 56
1527_0024_0003_0067_0067.jpg 1 24 3 67 67
1528_0019_0039_0041_0041.jpg 1 19 39 41 41
1529_0022_0030_0064_0064.jpg 1 22 30 64 64
1530_0037_0037_0054_0054.jpg 1 37 37 54 54
1531_0030_0030_0045_0045.jpg 1 30 30 45 45
1532_0019_0043_0049_0049.jpg 1 19 43 49 49
1533_0018_0006_0058_0058.jpg 1 18 6 58 58
1534_0022_0008_0029_0029.jpg 1 22 8 29 29
1535_0031_0029_0047_0047.jpg 1 31 29 47 47
1536_0038_0012_0049_0049.jpg 1 38 12 49 49
1537_0048_0038_0031_0031.jpg 1 48 38 31 31
1538_0055_0028_0026_0026.jpg 1 55 28 26 26
1539_0012_0021_0063_0063.jpg 1 12 21 63 63
1540_0028_0039_0054_0054.jpg 1 28 39 54 54
1541_0013_0022_0058_0058.jpg 1 13 22 58 58
1542_0039_0014_0050_0050.jpg 1 39 14 50 50
1543_0017_0026_0052_0052.jpg 1 17 26 52 52
1544_0059_0057_0029_0029.jpg 1 59 57 29 29
1545_0060_0057_0030_0030.jpg 1 60 57 30 30
1546_0035_0031_0040_0040.jpg 1 35 31 40 40
1547_0023_0017_0066_0066.jpg 1 23 17 66 66
1548_0053_0031_0028_0028.jpg 1 53 31 28 28
1549_0013_0007_0044_0044.jpg 1 13 7 44 44
1550_0028_0009_0054_0054.jpg 1 28 9 54 54
1551_0018_0047_0039_0039.jpg 1 18 47 39 39
1552_0050_0022_0030_0030.jpg 1 50 22 30 30
1553_0022_0023_0060_0060.jpg 1 22 23 60 60
1554_0006_0010_0049_0049.jpg 1 6 10 49 49
1555_0047_0014_0042_0042.jpg 1 47 14 42 42
1556_0030_0024_0056_0056.jpg 1 30 24 56 56
1557_0030_0033_0050_0050.jpg 1 30 33 50 50
1558_0045_0011_0028_0028.jpg 1 45 11 28 28
1559_0044_0007_0038_0038.jpg 1 44 7 38 38
1560_0018_0030_0044_0044.jpg 1 18 30 44 44
1561_0016_0028_0025_0025.jpg 1 16 28 25 25
1562_0034_0005_0060_0060.jpg 1 34 5 60 60
1563_0033_0025_0062_0062.jpg 1 33 25 62 62
1564_0049_0039_0044_0044.jpg 1 49 39 44 44
1565_0012_0012_0059_0059.jpg 1 12 12 59 59
1566_0014_0012_0032_0032.jpg 1 14 12 32 32
1567_0028_0006_0054_0054.jpg 1 28 6 54 54
1568_0037_0015_0049_0049.jpg 1 37 15 49 49
1569_0032_0042_0036_0036.jpg 1 32 42 36 36
1570_0019_0031_0042_0042.jpg 1 19 31 42 42
1571_0017_0064_0024_0024.jpg 1 17 64 24 24
1572_0015_0010_0049_0049.jpg 1 15 10 49 49
1573_0047_0019_0034_0034.jpg 1 47 19 34 34
1574_0026_0019_0066_0066.jpg 1 26 19 66 66
1575_0004_0016_0058_0058.jpg 1 4 16 58 58
1576_0009_0010_0039_0039.jpg 1 9 10 39 39
1577_0020_0019_0052_0052.jpg 1 20 19 52 52
1578_0052_0040_0033_0033.jpg 1 52 40 33 33
1579_0033_0022_0032_0032.jpg 1 33 22 32 32
1580_0020_0006_0041_0041.jpg 1 20 6 41 41
1581_0029_0008_0057_0057.jpg 1 29 8 57 57
1582_0023_0017_0057_0057.jpg 1 23 17 57 57
1583_0035_0019_0044_0044.jpg 1 35 19 44 44
1584_0041_0035_0039_0039.jpg 1 41 35 39 39
1585_0037_0022_0046_0046.jpg 1 37 22 46 46
1586_0004_0035_0060_0060.jpg 1 4 35 60 60
1587_0036_0050_0042_0042.jpg 1 36 50 42 42
1588_0031_0029_0061_0061.jpg 1 31 29 61 61
1589_0009_0031_0047_0047.jpg 1 9 31 47 47
1590_0008_0023_0061_0061.jpg 1 8 23 61 61
1591_0039_0010_0048_0048.jpg 1 39 10 48 48
1592_0047_0021_0028_0028.jpg 1 47 21 28 28
1593_0038_0035_0050_0050.jpg 1 38 35 50 50
1594_0041_0011_0045_0045.jpg 1 41 11 45 45
1595_0041_0024_0027_0027.jpg 1 41 24 27 27
1596_0028_0050_0033_0033.jpg 1 28 50 33 33
1597_0029_0031_0052_0052.jpg 1 29 31 52 52
1598_0032_0047_0033_0033.jpg 1 32 47 33 33
1599_0007_0010_0068_0068.jpg 1 7 10 68 68
1600_0034_0015_0025_0025.jpg 1 34 15 25 25
1601_0026_0011_0064_0064.jpg 1 26 11 64 64
1602_0017_0007_0061_0061.jpg 1 17 7 61 61
1603_0019_0025_0042_0042.jpg 1 19 25 42 42
1604_0020_0004_0067_0067.jpg 1 20 4 67 67
1605_0054_0011_0031_0031.jpg 1 54 11 31 31
1606_0004_0026_0065_0065.jpg 1 4 26 65 65
1607_0021_0019_0032_0032.jpg 1 21 19 32 32
1608_0020_0025_0045_0045.jpg 1 20 25 45 45
1609_0020_0021_0056_0056.jpg 1 20 21 56 56
1610_0021_0007_0065_0065.jpg 1 21 7 65 65
1611_0010_0030_0032_0032.jpg 1 10 30 32 32
1612_0039_0018_0024_0024.jpg 1 39 18 24 24
1613_0034_0022_0055_0055.jpg 1 34 22 55 55
1614_0019_0033_0056_0056.jpg 1 19 33 56 56
1615_0056_0007_0032_0032.jpg 1 56 7 32 32
1616_0010_0006_0068_0068.jpg 1 10 6 68 68
1617_0009_0028_0065_0065.jpg 1 9 28 65 65
1618_0004_0023_0066_0066.jpg 1 4 23 66 66
1619_0020_0021_0049_0049.jpg 1 20 21 49 49
1620_0012_0009_0069_0069.jpg 1 12 9 69 69
1621_0053_0010_0030_0030.jpg 1 53 10 30 30
1622_0026_0035_0031_0031.jpg 1 26 35 31 31
1623_0020_0023_0066_0066.jpg 1 20 23 66 66
1624_0031_0029_0057_0057.jpg 1 31 29 57 57
1625_0020_0015_0062_0062.jpg 1 20 15 62 62
1626_0048_0043_0044_0044.jpg 1 48 43 44 44
1627_0028_0022_0057_0057.jpg 1 28 22 57 57
1628_0031_0009_0045_0045.jpg 1 31 9 45 45
1629_0006_0017_0056_0056.jpg 1 6 17 56 56
1630_0003_0010_0067_0067.jpg 1 3 10 67 67
1631_0036_0026_0047_0047.jpg 1 36 26 47 47
1632_0009_0023_0033_0033.jpg 1 9 23 33 33
1633_0014_0006_0066_0066.jpg 1 14 6 66 66
1634_0029_0008_0064_0064.jpg 1 29 8 64 64
1635_0031_0023_0064_0064.jpg 1 31 23 64 64
1636_0017_0031_0063_0063.jpg 1 17 31 63 63
1637_0026_0013_0066_0066.jpg 1 26 13 66 66
1638_0009_0027_0047_0047.jpg 1 9 27 47 47
1639_0013_0016_0062_0062.jpg 1 13 16 62 62
1640_0039_0044_0047_0047.jpg 1 39 44 47 47
1641_0022_0003_0069_0069.jpg 1 22 3 69 69
1642_0030_0017_0056_0056.jpg 1 30 17 56 56
1643_0033_0010_0057_0057.jpg 1 33 10 57 57
1644_0027_0005_0069_0069.jpg 1 27 5 69 69
1645_0016_0035_0054_0054.jpg 1 16 35 54 54
1646_0011_0041_0050_0050.jpg 1 11 41 50 50
1647_0017_0009_0032_0032.jpg 1 17 9 32 32
1648_0018_0013_0060_0060.jpg 1 18 13 60 60
1649_0029_0021_0059_0059.jpg 1 29 21 59 59
1650_0055_0032_0033_0033.jpg 1 55 32 33 33
1651_0034_0031_0053_0053.jpg 1 34 31 53 53
1652_0024_0066_0024_0024.jpg 1 24 66 24 24
1653_0032_0043_0051_0051.jpg 1 32 43 51 51
1654_0010_0016_0066_0066.jpg 1 10 16 66 66
1655_0010_0009_0046_0046.jpg 1 10 9 46 46
1656_0057_0042_0028_0028.jpg 1 57 42 28 28
1657_0050_0019_0043_0043.jpg 1 50 19 43 43
1658_0028_0065_0026_0026.jpg 1 28 65 26 26
1659_0036_0018_0054_0054.jpg 1 36 18 54 54
1660_0008_0018_0042_0042.jpg 1 8 18 42 42
1661_0024_0029_0057_0057.jpg 1 24 29 57 57
1662_0014_0045_0046_0046.jpg 1 14 45 46 46
1663_0043_0006_0048_0048.jpg 1 43 6 48 48
1664_0013_0036_0059_0059.jpg 1 13 36 59 59
1665_0013_0006_0063_0063.jpg 1 13 6 63 63
1666_0010_0041_0047_0047.jpg 1 10 41 47 47
1667_0046_0032_0040_0040.jpg 1 46 32 40 40
1668_0028_0018_0068_0068.jpg 1 28 18 68 68
1669_0045_0013_0024_0024.jpg 1 45 13 24 24
1670_0015_0050_0029_0029.jpg 1 15 50 29 29
1671_0022_0048_0027_0027.jpg 1 22 48 27 27
1672_0055_0008_0031_0031.jpg 1 55 8 31 31
1673_0009_0005_0066_0066.jpg 1 9 5 66 66
1674_0017_0012_0041_0041.jpg 1 17 12 41 41
1675_0028_0014_0037_0037.jpg 1 28 14 37 37
1676_0010_0063_0028_0028.jpg 1 10 63 28 28
1677_0006_0004_0069_0069.jpg 1 6 4 69 69
1678_0007_0008_0065_0065.jpg 1 7 8 65 65
1679_0026_0007_0065_0065.jpg 1 26 7 65 65
1680_0039_0029_0032_0032.jpg 1 39 29 32 32
1681_0026_0011_0068_0068.jpg 1 26 11 68 68
1682_0023_0044_0050_0050.jpg 1 23 44 50 50
1683_0050_0035_0038_0038.jpg 1 50 35 38 38
1684_0024_0029_0042_0042.jpg 1 24 29 42 42
1685_0021_0008_0062_0062.jpg 1 21 8 62 62
1686_0029_0020_0058_0058.jpg 1 29 20 58 58
1687_0008_0031_0025_0025.jpg 1 8 31 25 25
1688_0012_0010_0052_0052.jpg 1 12 10 52 52
1689_0037_0022_0024_0024.jpg 1 37 22 24 24
1690_0034_0016_0054_0054.jpg 1 34 16 54 54
1691_0037_0009_0047_0047.jpg 1 37 9 47 47
1692_0051_0019_0028_0028.jpg 1 51 19 28 28
1693_0051_0019_0035_0035.jpg 1 51 19 35 35
1694_0027_0014_0068_0068.jpg 1 27 14 68 68
1695_0039_0030_0044_0044.jpg 1 39 30 44 44
1696_0009_0023_0041_0041.jpg 1 9 23 41 41
1697_0034_0043_0025_0025.jpg 1 34 43 25 25
1698_0059_0063_0028_0028.jpg 1 59 63 28 28
1699_0048_0052_0028_0028.jpg 1 48 52 28 28
1700_0014_0024_0049_0049.jpg 1 14 24 49 49
